[2023-06-09 09:07:10.329054]	/
[GET 参数]	Array
(
)

[POST 参数]	Array
(
)

---------------------------------------------

[2023-06-09 09:07:16.928286]	/search.php
[GET 参数]	Array
(
)

[POST 参数]	Array
(
)

---------------------------------------------

[2023-06-09 09:07:17.664688]	/
[GET 参数]	Array
(
)

[POST 参数]	Array
(
)

---------------------------------------------

[2023-06-09 09:07:21.959144]	/
[GET 参数]	Array
(
)

[POST 参数]	Array
(
)

---------------------------------------------

[2023-06-09 09:07:22.956209]	/edit.php?cid=10118
[GET 参数]	Array
(
    [cid] => 10118
)

[POST 参数]	Array
(
)

---------------------------------------------

[2023-06-09 09:07:24.368237]	/edit.php?cid=10118&do=update
[GET 参数]	Array
(
    [cid] => 10118
    [do] => update
)

[POST 参数]	Array
(
    [content] => 11111111111112222222
    [submitBtn] => 
)

---------------------------------------------

[2023-06-09 09:07:33.134772]	/edit.php?cid=10118&do=update
[GET 参数]	Array
(
    [cid] => 10118
    [do] => update
)

[POST 参数]	Array
(
    [content] => 111111111111122222222
    [submitBtn] => 
)

---------------------------------------------

[2023-06-09 09:07:34.865182]	/
[GET 参数]	Array
(
)

[POST 参数]	Array
(
)

---------------------------------------------

[2023-06-09 09:07:43.291368]	/
[GET 参数]	Array
(
)

[POST 参数]	Array
(
)

---------------------------------------------

