[2023-06-09 19:19:00.684687]	/page.php?topic=1
[GET 参数]	Array
(
    [topic] => 1
)

[POST 参数]	Array
(
)

---------------------------------------------

[2023-06-09 19:19:02.744504]	/page.php?page=1&topic=3&para=
[GET 参数]	Array
(
    [page] => 1
    [topic] => 3
    [para] => 
)

[POST 参数]	Array
(
)

---------------------------------------------

[2023-06-09 19:19:05.505761]	/page.php?page=1&topic=1&para=
[GET 参数]	Array
(
    [page] => 1
    [topic] => 1
    [para] => 
)

[POST 参数]	Array
(
)

---------------------------------------------

[2023-06-09 19:19:53.287186]	/page.php?page=2&topic=3&para=
[GET 参数]	Array
(
    [page] => 2
    [topic] => 3
    [para] => 
)

[POST 参数]	Array
(
)

---------------------------------------------

[2023-06-09 19:19:57.510122]	/page.php?page=1&topic=1&para=
[GET 参数]	Array
(
    [page] => 1
    [topic] => 1
    [para] => 
)

[POST 参数]	Array
(
)

---------------------------------------------

[2023-06-09 19:19:58.751923]	/page.php?page=2&topic=3&para=
[GET 参数]	Array
(
    [page] => 2
    [topic] => 3
    [para] => 
)

[POST 参数]	Array
(
)

---------------------------------------------

[2023-06-09 19:19:59.543326]	/page.php?page=1&topic=1&para=
[GET 参数]	Array
(
    [page] => 1
    [topic] => 1
    [para] => 
)

[POST 参数]	Array
(
)

---------------------------------------------

