[2023-06-05 18:58:07.077893]	/?content=1111111111&token2=2abd8ff8a637579426320386deb1117e6f42d23a912b0d366d23860318f036fe&submitBtn=
[GET 参数]	Array
(
    [content] => 1111111111
    [token2] => 2abd8ff8a637579426320386deb1117e6f42d23a912b0d366d23860318f036fe
    [submitBtn] => 
)

[POST 参数]	Array
(
)

---------------------------------------------

[2023-06-05 18:58:11.143730]	/
[GET 参数]	Array
(
)

[POST 参数]	Array
(
)

---------------------------------------------

[2023-06-05 18:58:14.917822]	/
[GET 参数]	Array
(
)

[POST 参数]	Array
(
)

---------------------------------------------

[2023-06-05 18:58:32.171219]	/
[GET 参数]	Array
(
)

[POST 参数]	Array
(
)

---------------------------------------------

[2023-06-05 18:58:34.610603]	/?content=111111111111&token2=047c0af8e8471345b7947805548aa952285eb1d278bb7e85f7ef1b60cd59029f&submitBtn=
[GET 参数]	Array
(
    [content] => 111111111111
    [token2] => 047c0af8e8471345b7947805548aa952285eb1d278bb7e85f7ef1b60cd59029f
    [submitBtn] => 
)

[POST 参数]	Array
(
)

---------------------------------------------

