[2023-06-10 12:27:11.185242]	/page.php?page=1&topic=1&para=
[GET 参数]	Array
(
    [page] => 1
    [topic] => 1
    [para] => 
)

[POST 参数]	Array
(
)

---------------------------------------------

[2023-06-10 12:27:11.806264]	/page.php?page=1&topic=1&para=
[GET 参数]	Array
(
    [page] => 1
    [topic] => 1
    [para] => 
)

[POST 参数]	Array
(
)

---------------------------------------------

[2023-06-10 12:27:36.618140]	/page.php?page=1&topic=1&para=
[GET 参数]	Array
(
    [page] => 1
    [topic] => 1
    [para] => 
)

[POST 参数]	Array
(
)

---------------------------------------------

[2023-06-10 12:27:49.494120]	/page.php?page=1&topic=1&para=
[GET 参数]	Array
(
    [page] => 1
    [topic] => 1
    [para] => 
)

[POST 参数]	Array
(
)

---------------------------------------------

