[2023-06-09 19:28:33.706275]	/page.php?page=1&topic=1&para=.&para=
[GET 参数]	Array
(
    [page] => 1
    [topic] => 1
    [para] => 
)

[POST 参数]	Array
(
)

---------------------------------------------

[2023-06-09 19:28:39.067806]	/page.php?page=1&topic=1&para=.&para=
[GET 参数]	Array
(
    [page] => 1
    [topic] => 1
    [para] => 
)

[POST 参数]	Array
(
)

---------------------------------------------

[2023-06-09 19:28:39.535028]	/page.php?page=1&topic=1&para=.&para=
[GET 参数]	Array
(
    [page] => 1
    [topic] => 1
    [para] => 
)

[POST 参数]	Array
(
)

---------------------------------------------

[2023-06-09 19:28:39.865640]	/page.php?page=1&topic=1&para=.&para=
[GET 参数]	Array
(
    [page] => 1
    [topic] => 1
    [para] => 
)

[POST 参数]	Array
(
)

---------------------------------------------

[2023-06-09 19:28:40.221435]	/page.php?page=1&topic=1&para=.&para=
[GET 参数]	Array
(
    [page] => 1
    [topic] => 1
    [para] => 
)

[POST 参数]	Array
(
)

---------------------------------------------

[2023-06-09 19:28:40.561550]	/page.php?page=1&topic=1&para=.&para=
[GET 参数]	Array
(
    [page] => 1
    [topic] => 1
    [para] => 
)

[POST 参数]	Array
(
)

---------------------------------------------

[2023-06-09 19:28:44.558015]	/
[GET 参数]	Array
(
)

[POST 参数]	Array
(
)

---------------------------------------------

[2023-06-09 19:28:45.582573]	/page.php?topic=1
[GET 参数]	Array
(
    [topic] => 1
)

[POST 参数]	Array
(
)

---------------------------------------------

[2023-06-09 19:28:48.947574]	/page.php?page=2&topic=
[GET 参数]	Array
(
    [page] => 2
    [topic] => 
)

[POST 参数]	Array
(
)

---------------------------------------------

[2023-06-09 19:28:53.413191]	/page.php?topic=1
[GET 参数]	Array
(
    [topic] => 1
)

[POST 参数]	Array
(
)

---------------------------------------------

[2023-06-09 19:28:54.584931]	/page.php?page=3&topic=
[GET 参数]	Array
(
    [page] => 3
    [topic] => 
)

[POST 参数]	Array
(
)

---------------------------------------------

[2023-06-09 19:28:55.896772]	/page.php?topic=1
[GET 参数]	Array
(
    [topic] => 1
)

[POST 参数]	Array
(
)

---------------------------------------------

[2023-06-09 19:28:58.327492]	/page.php?page=4&topic=
[GET 参数]	Array
(
    [page] => 4
    [topic] => 
)

[POST 参数]	Array
(
)

---------------------------------------------

[2023-06-09 19:28:59.077463]	/page.php?topic=1
[GET 参数]	Array
(
    [topic] => 1
)

[POST 参数]	Array
(
)

---------------------------------------------

