[2023-06-10 18:32:26.074182]	/index.php
[GET 参数]	Array
(
)

[POST 参数]	Array
(
)

---------------------------------------------

[2023-06-10 18:32:35.831161]	/index.php
[GET 参数]	Array
(
)

[POST 参数]	Array
(
)

---------------------------------------------

[2023-06-10 18:32:36.528073]	/page.php?topic=3
[GET 参数]	Array
(
    [topic] => 3
)

[POST 参数]	Array
(
)

---------------------------------------------

[2023-06-10 18:32:37.198990]	/page.php?topic=2
[GET 参数]	Array
(
    [topic] => 2
)

[POST 参数]	Array
(
)

---------------------------------------------

[2023-06-10 18:32:37.626064]	/page.php?topic=1
[GET 参数]	Array
(
    [topic] => 1
)

[POST 参数]	Array
(
)

---------------------------------------------

[2023-06-10 18:32:38.030110]	/page.php?topic=8
[GET 参数]	Array
(
    [topic] => 8
)

[POST 参数]	Array
(
)

---------------------------------------------

[2023-06-10 18:32:38.347708]	/page.php?topic=10
[GET 参数]	Array
(
    [topic] => 10
)

[POST 参数]	Array
(
)

---------------------------------------------

