[2023-06-09 14:05:12.573121]	/index.php?topic=1
[GET 参数]	Array
(
    [topic] => 1
)

[POST 参数]	Array
(
)

---------------------------------------------

[2023-06-09 14:05:13.053652]	/index.php?topic=2
[GET 参数]	Array
(
    [topic] => 2
)

[POST 参数]	Array
(
)

---------------------------------------------

[2023-06-09 14:05:13.744076]	/index.php?topic=2
[GET 参数]	Array
(
    [topic] => 2
)

[POST 参数]	Array
(
)

---------------------------------------------

[2023-06-09 14:05:14.056959]	/index.php?topic=2
[GET 参数]	Array
(
    [topic] => 2
)

[POST 参数]	Array
(
)

---------------------------------------------

[2023-06-09 14:05:14.438254]	/index.php?topic=2
[GET 参数]	Array
(
    [topic] => 2
)

[POST 参数]	Array
(
)

---------------------------------------------

[2023-06-09 14:05:14.953330]	/index.php?topic=1
[GET 参数]	Array
(
    [topic] => 1
)

[POST 参数]	Array
(
)

---------------------------------------------

[2023-06-09 14:05:16.834227]	/index.php?page=3
[GET 参数]	Array
(
    [page] => 3
)

[POST 参数]	Array
(
)

---------------------------------------------

[2023-06-09 14:05:42.122816]	/index.php?topic=2
[GET 参数]	Array
(
    [topic] => 2
)

[POST 参数]	Array
(
)

---------------------------------------------

[2023-06-09 14:05:43.640553]	/index.php?topic=1
[GET 参数]	Array
(
    [topic] => 1
)

[POST 参数]	Array
(
)

---------------------------------------------

