[2023-06-14 20:38:32.952419]	/
[GET 参数]	Array
(
)

[POST 参数]	Array
(
)

---------------------------------------------

[2023-06-14 20:38:34.137452]	/page.php?topic=1
[GET 参数]	Array
(
    [topic] => 1
)

[POST 参数]	Array
(
)

---------------------------------------------

[2023-06-14 20:38:34.835779]	/page.php?topic=14
[GET 参数]	Array
(
    [topic] => 14
)

[POST 参数]	Array
(
)

---------------------------------------------

[2023-06-14 20:38:35.328385]	/page.php?topic=2
[GET 参数]	Array
(
    [topic] => 2
)

[POST 参数]	Array
(
)

---------------------------------------------

[2023-06-14 20:38:35.624028]	/page.php?topic=3
[GET 参数]	Array
(
    [topic] => 3
)

[POST 参数]	Array
(
)

---------------------------------------------

[2023-06-14 20:38:35.860735]	/page.php?topic=1
[GET 参数]	Array
(
    [topic] => 1
)

[POST 参数]	Array
(
)

---------------------------------------------

[2023-06-14 20:38:36.134519]	/page.php?topic=14
[GET 参数]	Array
(
    [topic] => 14
)

[POST 参数]	Array
(
)

---------------------------------------------

