[2023-06-05 19:02:01.654719]	/?content=111111111111111111&token2=cdab93d64135a507e2733a5f43522b87c9d3e1f8dfd7300e5dbff9c5318d5392&submitBtn=
[GET 参数]	Array
(
    [content] => 111111111111111111
    [token2] => cdab93d64135a507e2733a5f43522b87c9d3e1f8dfd7300e5dbff9c5318d5392
    [submitBtn] => 
)

[POST 参数]	Array
(
)

---------------------------------------------

[2023-06-05 19:02:04.438508]	/?content=1111111111111&token2=cfcd3c07e462b9c0afe8e1fac6ae950b3c113f6876529a92a57cc2ea84d19002&submitBtn=
[GET 参数]	Array
(
    [content] => 1111111111111
    [token2] => cfcd3c07e462b9c0afe8e1fac6ae950b3c113f6876529a92a57cc2ea84d19002
    [submitBtn] => 
)

[POST 参数]	Array
(
)

---------------------------------------------

[2023-06-05 19:02:45.542724]	/?content=1111111111111&token2=cfcd3c07e462b9c0afe8e1fac6ae950b3c113f6876529a92a57cc2ea84d19002&submitBtn=
[GET 参数]	Array
(
    [content] => 1111111111111
    [token2] => cfcd3c07e462b9c0afe8e1fac6ae950b3c113f6876529a92a57cc2ea84d19002
    [submitBtn] => 
)

[POST 参数]	Array
(
)

---------------------------------------------

[2023-06-05 19:02:47.083240]	/?content=11111111111111&token2=cdc55e93843586864d6c3a44ac571e4d14168b30fb1821d0d67681924c8be901&submitBtn=
[GET 参数]	Array
(
    [content] => 11111111111111
    [token2] => cdc55e93843586864d6c3a44ac571e4d14168b30fb1821d0d67681924c8be901
    [submitBtn] => 
)

[POST 参数]	Array
(
)

---------------------------------------------

[2023-06-05 19:02:48.877335]	/?content=1222222222&token2=60e61e3d8e62b5a184782cf1041dfd472d4f90a04db3ec7f4a1bc72a88a99690&submitBtn=
[GET 参数]	Array
(
    [content] => 1222222222
    [token2] => 60e61e3d8e62b5a184782cf1041dfd472d4f90a04db3ec7f4a1bc72a88a99690
    [submitBtn] => 
)

[POST 参数]	Array
(
)

---------------------------------------------

[2023-06-05 19:02:50.843974]	/?content=12312313&token2=6a350bb3b6541cdb199f7f39bae8bcc22468015048a343a493e7f9f5829aad3a&submitBtn=
[GET 参数]	Array
(
    [content] => 12312313
    [token2] => 6a350bb3b6541cdb199f7f39bae8bcc22468015048a343a493e7f9f5829aad3a
    [submitBtn] => 
)

[POST 参数]	Array
(
)

---------------------------------------------

