[2023-06-09 11:49:19.561954]	/edit.php?cid=10074
[GET 参数]	Array
(
    [cid] => 10074
)

[POST 参数]	Array
(
)

---------------------------------------------

[2023-06-09 11:49:21.701314]	/edit.php?cid=10074&do=update
[GET 参数]	Array
(
    [cid] => 10074
    [do] => update
)

[POST 参数]	Array
(
    [content] => 2222222222111111122
    [submitBtn] => 
)

---------------------------------------------

[2023-06-09 11:49:22.794079]	/index.php
[GET 参数]	Array
(
)

[POST 参数]	Array
(
)

---------------------------------------------

