[2023-06-09 13:27:03.669031]	/login.php
[GET 参数]	Array
(
)

[POST 参数]	Array
(
)

---------------------------------------------

[2023-06-09 13:27:04.941230]	/login.php
[GET 参数]	Array
(
)

[POST 参数]	Array
(
)

---------------------------------------------

[2023-06-09 13:27:07.142749]	/login.php?action=login
[GET 参数]	Array
(
    [action] => login
)

[POST 参数]	Array
(
    [account] => rootroot1@qq.com
    [password] => rootroot1
)

---------------------------------------------

[2023-06-09 13:27:08.970281]	/index.php
[GET 参数]	Array
(
)

[POST 参数]	Array
(
)

---------------------------------------------

[2023-06-09 13:27:10.676718]	/index.php?topic=1
[GET 参数]	Array
(
    [topic] => 1
)

[POST 参数]	Array
(
)

---------------------------------------------

[2023-06-09 13:27:11.388805]	/index.php?topic=2
[GET 参数]	Array
(
    [topic] => 2
)

[POST 参数]	Array
(
)

---------------------------------------------

[2023-06-09 13:27:11.683621]	/index.php?topic=3
[GET 参数]	Array
(
    [topic] => 3
)

[POST 参数]	Array
(
)

---------------------------------------------

[2023-06-09 13:27:12.325994]	/index.php?topic=1
[GET 参数]	Array
(
    [topic] => 1
)

[POST 参数]	Array
(
)

---------------------------------------------

[2023-06-09 13:27:13.940968]	/index.php?topic=0
[GET 参数]	Array
(
    [topic] => 0
)

[POST 参数]	Array
(
)

---------------------------------------------

[2023-06-09 13:27:16.907513]	/index.php?page=3
[GET 参数]	Array
(
    [page] => 3
)

[POST 参数]	Array
(
)

---------------------------------------------

[2023-06-09 13:27:18.194329]	/index.php?page=1
[GET 参数]	Array
(
    [page] => 1
)

[POST 参数]	Array
(
)

---------------------------------------------

[2023-06-09 13:27:19.397299]	/index.php?page=1
[GET 参数]	Array
(
    [page] => 1
)

[POST 参数]	Array
(
)

---------------------------------------------

