[2023-06-09 10:39:04.879699]	/edit.php?cid=10120
[GET 参数]	Array
(
    [cid] => 10120
)

[POST 参数]	Array
(
)

---------------------------------------------

[2023-06-09 10:39:06.771827]	/edit.php?cid=10120&do=update
[GET 参数]	Array
(
    [cid] => 10120
    [do] => update
)

[POST 参数]	Array
(
    [content] => 11111
    [submitBtn] => 
)

---------------------------------------------

[2023-06-09 10:39:07.779665]	/index.php
[GET 参数]	Array
(
)

[POST 参数]	Array
(
)

---------------------------------------------

[2023-06-09 10:39:11.029253]	/index.php
[GET 参数]	Array
(
)

[POST 参数]	Array
(
)

---------------------------------------------

