[2023-06-09 19:20:03.025388]	/page.php?page=2&topic=3&para=
[GET 参数]	Array
(
    [page] => 2
    [topic] => 3
    [para] => 
)

[POST 参数]	Array
(
)

---------------------------------------------

[2023-06-09 19:20:04.812065]	/page.php?page=1&topic=1&para=
[GET 参数]	Array
(
    [page] => 1
    [topic] => 1
    [para] => 
)

[POST 参数]	Array
(
)

---------------------------------------------

[2023-06-09 19:20:10.713822]	/page.php?page=1&topic=3&para=
[GET 参数]	Array
(
    [page] => 1
    [topic] => 3
    [para] => 
)

[POST 参数]	Array
(
)

---------------------------------------------

[2023-06-09 19:20:13.072846]	/page.php?page=1&topic=1&para=
[GET 参数]	Array
(
    [page] => 1
    [topic] => 1
    [para] => 
)

[POST 参数]	Array
(
)

---------------------------------------------

[2023-06-09 19:20:26.250976]	/page.php?topic=1
[GET 参数]	Array
(
    [topic] => 1
)

[POST 参数]	Array
(
)

---------------------------------------------

