[2023-06-10 18:22:13.396941]	/index.php
[GET 参数]	Array
(
)

[POST 参数]	Array
(
)

---------------------------------------------

[2023-06-10 18:22:14.704998]	/page.php?topic=8
[GET 参数]	Array
(
    [topic] => 8
)

[POST 参数]	Array
(
)

---------------------------------------------

[2023-06-10 18:22:19.860819]	/page.php?topic=8
[GET 参数]	Array
(
    [topic] => 8
)

[POST 参数]	Array
(
)

---------------------------------------------

[2023-06-10 18:22:23.171453]	/
[GET 参数]	Array
(
)

[POST 参数]	Array
(
)

---------------------------------------------

