[2023-06-06 10:38:34.664685]	/
[GET 参数]	Array
(
)

[POST 参数]	Array
(
)

---------------------------------------------

[2023-06-06 10:38:43.418871]	/login.php
[GET 参数]	Array
(
)

[POST 参数]	Array
(
)

---------------------------------------------

[2023-06-06 10:38:45.445275]	/login.php?action=login
[GET 参数]	Array
(
    [action] => login
)

[POST 参数]	Array
(
    [account] => rootroot1@qq.com
    [password] => rootroot1
)

---------------------------------------------

[2023-06-06 10:38:47.304143]	/index.php
[GET 参数]	Array
(
)

[POST 参数]	Array
(
)

---------------------------------------------

