[2023-06-10 12:28:47.996402]	/page.php?page=1&topic=1&para=
[GET 参数]	Array
(
    [page] => 1
    [topic] => 1
    [para] => 
)

[POST 参数]	Array
(
)

---------------------------------------------

[2023-06-10 12:28:48.889901]	/page.php?page=1&topic=1&para=
[GET 参数]	Array
(
    [page] => 1
    [topic] => 1
    [para] => 
)

[POST 参数]	Array
(
)

---------------------------------------------

[2023-06-10 12:28:51.730226]	/page.php?page=1&topic=1&para=
[GET 参数]	Array
(
    [page] => 1
    [topic] => 1
    [para] => 
)

[POST 参数]	Array
(
)

---------------------------------------------

[2023-06-10 12:28:55.187516]	/page.php?page=1&topic=1&para=
[GET 参数]	Array
(
    [page] => 1
    [topic] => 1
    [para] => 
)

[POST 参数]	Array
(
)

---------------------------------------------

