[2023-06-15 16:46:33.625895]	/likes_page.php?topic=&action=likes
[GET 参数]	Array
(
    [topic] => 
    [action] => likes
)

[POST 参数]	Array
(
)

---------------------------------------------

[2023-06-15 16:46:35.350686]	/likes_page.php
[GET 参数]	Array
(
)

[POST 参数]	Array
(
)

---------------------------------------------

[2023-06-15 16:46:36.568604]	/search.php
[GET 参数]	Array
(
)

[POST 参数]	Array
(
)

---------------------------------------------

[2023-06-15 16:46:37.549576]	/login.php
[GET 参数]	Array
(
)

[POST 参数]	Array
(
)

---------------------------------------------

[2023-06-15 16:46:38.260492]	/index.php
[GET 参数]	Array
(
)

[POST 参数]	Array
(
)

---------------------------------------------

[2023-06-15 16:46:40.089536]	/page.php?topic=3
[GET 参数]	Array
(
    [topic] => 3
)

[POST 参数]	Array
(
)

---------------------------------------------

[2023-06-15 16:46:46.265166]	/likes_page.php
[GET 参数]	Array
(
)

[POST 参数]	Array
(
)

---------------------------------------------

[2023-06-15 16:46:47.536143]	/page.php?topic=3
[GET 参数]	Array
(
    [topic] => 3
)

[POST 参数]	Array
(
)

---------------------------------------------

[2023-06-15 16:46:49.531852]	/page.php?topic=2
[GET 参数]	Array
(
    [topic] => 2
)

[POST 参数]	Array
(
)

---------------------------------------------

[2023-06-15 16:46:53.656643]	/likes_page.php
[GET 参数]	Array
(
)

[POST 参数]	Array
(
)

---------------------------------------------

