[2023-06-05 18:56:12.022817]	/?content=123213123&token2=&submitBtn=
[GET 参数]	Array
(
    [content] => 123213123
    [token2] => 
    [submitBtn] => 
)

[POST 参数]	Array
(
)

---------------------------------------------

[2023-06-05 18:56:16.911962]	/api.php?do=submit
[GET 参数]	Array
(
    [do] => submit
)

[POST 参数]	Array
(
    [content] => 11111111111
)

---------------------------------------------

[2023-06-05 18:56:25.708752]	/?content=123213123&token2=&submitBtn=
[GET 参数]	Array
(
    [content] => 123213123
    [token2] => 
    [submitBtn] => 
)

[POST 参数]	Array
(
)

---------------------------------------------

[2023-06-05 18:56:42.501718]	/?content=123213123&token2=&submitBtn=1
[GET 参数]	Array
(
    [content] => 123213123
    [token2] => 
    [submitBtn] => 1
)

[POST 参数]	Array
(
)

---------------------------------------------

[2023-06-05 18:56:53.762623]	/?content=123213123&token2=&submitBtn=
[GET 参数]	Array
(
    [content] => 123213123
    [token2] => 
    [submitBtn] => 
)

[POST 参数]	Array
(
)

---------------------------------------------

[2023-06-05 18:56:54.578820]	/?content=123213123&token2=&submitBtn=
[GET 参数]	Array
(
    [content] => 123213123
    [token2] => 
    [submitBtn] => 
)

[POST 参数]	Array
(
)

---------------------------------------------

[2023-06-05 18:56:57.491732]	/?content=123123123&token2=&submitBtn=
[GET 参数]	Array
(
    [content] => 123123123
    [token2] => 
    [submitBtn] => 
)

[POST 参数]	Array
(
)

---------------------------------------------

