[2023-06-14 10:20:01.440767]	/page.php?topic=10
[GET 参数]	Array
(
    [topic] => 10
)

[POST 参数]	Array
(
)

---------------------------------------------

[2023-06-14 10:20:02.203544]	/page.php?topic=1
[GET 参数]	Array
(
    [topic] => 1
)

[POST 参数]	Array
(
)

---------------------------------------------

[2023-06-14 10:20:05.846407]	/page.php?topic=2
[GET 参数]	Array
(
    [topic] => 2
)

[POST 参数]	Array
(
)

---------------------------------------------

[2023-06-14 10:20:06.332287]	/page.php?topic=3
[GET 参数]	Array
(
    [topic] => 3
)

[POST 参数]	Array
(
)

---------------------------------------------

[2023-06-14 10:20:06.865161]	/page.php?topic=10
[GET 参数]	Array
(
    [topic] => 10
)

[POST 参数]	Array
(
)

---------------------------------------------

[2023-06-14 10:20:07.965166]	/page.php?topic=3
[GET 参数]	Array
(
    [topic] => 3
)

[POST 参数]	Array
(
)

---------------------------------------------

[2023-06-14 10:20:36.522536]	/search.php
[GET 参数]	Array
(
)

[POST 参数]	Array
(
)

---------------------------------------------

[2023-06-14 10:20:38.857538]	/search.php
[GET 参数]	Array
(
)

[POST 参数]	Array
(
    [content] => 11111
    [submitBtn] => 
)

---------------------------------------------

[2023-06-14 10:20:39.942361]	/search.php
[GET 参数]	Array
(
)

[POST 参数]	Array
(
    [content] => 12
    [submitBtn] => 
)

---------------------------------------------

