[2023-06-09 18:23:04.239428]	/page.php?topic=1
[GET 参数]	Array
(
    [topic] => 1
)

[POST 参数]	Array
(
)

---------------------------------------------

[2023-06-09 18:23:04.855466]	/page.php?topic=2
[GET 参数]	Array
(
    [topic] => 2
)

[POST 参数]	Array
(
)

---------------------------------------------

[2023-06-09 18:23:05.375089]	/page.php?topic=2
[GET 参数]	Array
(
    [topic] => 2
)

[POST 参数]	Array
(
)

---------------------------------------------

[2023-06-09 18:23:10.234068]	/page.php?topic=2
[GET 参数]	Array
(
    [topic] => 2
)

[POST 参数]	Array
(
)

---------------------------------------------

[2023-06-09 18:23:10.754207]	/page.php?topic=3
[GET 参数]	Array
(
    [topic] => 3
)

[POST 参数]	Array
(
)

---------------------------------------------

[2023-06-09 18:23:14.406659]	/page.php?topic=3
[GET 参数]	Array
(
    [topic] => 3
)

[POST 参数]	Array
(
)

---------------------------------------------

[2023-06-09 18:23:14.931812]	/page.php?topic=1
[GET 参数]	Array
(
    [topic] => 1
)

[POST 参数]	Array
(
)

---------------------------------------------

[2023-06-09 18:23:15.459546]	/page.php?topic=2
[GET 参数]	Array
(
    [topic] => 2
)

[POST 参数]	Array
(
)

---------------------------------------------

[2023-06-09 18:23:15.955169]	/page.php?topic=3
[GET 参数]	Array
(
    [topic] => 3
)

[POST 参数]	Array
(
)

---------------------------------------------

[2023-06-09 18:23:16.529896]	/page.php?topic=1
[GET 参数]	Array
(
    [topic] => 1
)

[POST 参数]	Array
(
)

---------------------------------------------

[2023-06-09 18:23:17.002450]	/page.php?topic=2
[GET 参数]	Array
(
    [topic] => 2
)

[POST 参数]	Array
(
)

---------------------------------------------

[2023-06-09 18:23:19.377821]	/edit.php?cid=10118
[GET 参数]	Array
(
    [cid] => 10118
)

[POST 参数]	Array
(
)

---------------------------------------------

[2023-06-09 18:23:21.140250]	/edit.php?cid=10118&do=update
[GET 参数]	Array
(
    [cid] => 10118
    [do] => update
)

[POST 参数]	Array
(
    [content] => 22
    [submitBtn] => 
)

---------------------------------------------

[2023-06-09 18:23:22.075276]	/index.php
[GET 参数]	Array
(
)

[POST 参数]	Array
(
)

---------------------------------------------

[2023-06-09 18:23:22.955342]	/page.php?topic=2
[GET 参数]	Array
(
    [topic] => 2
)

[POST 参数]	Array
(
)

---------------------------------------------

[2023-06-09 18:23:27.859941]	/page.php?topic=2
[GET 参数]	Array
(
    [topic] => 2
)

[POST 参数]	Array
(
)

---------------------------------------------

[2023-06-09 18:23:32.664294]	/page.php?topic=2
[GET 参数]	Array
(
    [topic] => 2
)

[POST 参数]	Array
(
)

---------------------------------------------

[2023-06-09 18:23:34.625762]	/search.php
[GET 参数]	Array
(
)

[POST 参数]	Array
(
)

---------------------------------------------

[2023-06-09 18:23:36.190178]	/search.php
[GET 参数]	Array
(
)

[POST 参数]	Array
(
    [content] => 111111111
    [submitBtn] => 
)

---------------------------------------------

[2023-06-09 18:23:47.125907]	/edit.php?cid=10120
[GET 参数]	Array
(
    [cid] => 10120
)

[POST 参数]	Array
(
)

---------------------------------------------

[2023-06-09 18:23:49.110274]	/edit.php?cid=10120&do=update
[GET 参数]	Array
(
    [cid] => 10120
    [do] => update
)

[POST 参数]	Array
(
    [content] => 22
    [submitBtn] => 
)

---------------------------------------------

[2023-06-09 18:23:49.784583]	/index.php
[GET 参数]	Array
(
)

[POST 参数]	Array
(
)

---------------------------------------------

[2023-06-09 18:23:54.813826]	/index.php
[GET 参数]	Array
(
)

[POST 参数]	Array
(
)

---------------------------------------------

[2023-06-09 18:23:56.341880]	/login.php
[GET 参数]	Array
(
)

[POST 参数]	Array
(
)

---------------------------------------------

[2023-06-09 18:23:58.546239]	/login.php?action=login
[GET 参数]	Array
(
    [action] => login
)

[POST 参数]	Array
(
    [account] => rootroot1@qq.com
    [password] => rootroot1
)

---------------------------------------------

