[2023-06-10 17:32:09.774433]	/page.php?page=3&topic=1&para=
[GET 参数]	Array
(
    [page] => 3
    [topic] => 1
    [para] => 
)

[POST 参数]	Array
(
)

---------------------------------------------

[2023-06-10 17:32:17.875950]	/page.php?topic=2
[GET 参数]	Array
(
    [topic] => 2
)

[POST 参数]	Array
(
)

---------------------------------------------

[2023-06-10 17:32:18.286048]	/page.php?topic=3
[GET 参数]	Array
(
    [topic] => 3
)

[POST 参数]	Array
(
)

---------------------------------------------

[2023-06-10 17:32:18.665220]	/page.php?topic=1
[GET 参数]	Array
(
    [topic] => 1
)

[POST 参数]	Array
(
)

---------------------------------------------

[2023-06-10 17:32:19.009367]	/page.php?topic=2
[GET 参数]	Array
(
    [topic] => 2
)

[POST 参数]	Array
(
)

---------------------------------------------

[2023-06-10 17:32:19.237042]	/page.php?topic=3
[GET 参数]	Array
(
    [topic] => 3
)

[POST 参数]	Array
(
)

---------------------------------------------

[2023-06-10 17:32:19.560936]	/page.php?topic=1
[GET 参数]	Array
(
    [topic] => 1
)

[POST 参数]	Array
(
)

---------------------------------------------

[2023-06-10 17:32:23.281003]	/
[GET 参数]	Array
(
)

[POST 参数]	Array
(
)

---------------------------------------------

[2023-06-10 17:32:24.189887]	/page.php?topic=1
[GET 参数]	Array
(
    [topic] => 1
)

[POST 参数]	Array
(
)

---------------------------------------------

[2023-06-10 17:32:27.272743]	/page.php?page=2&topic=1&para=
[GET 参数]	Array
(
    [page] => 2
    [topic] => 1
    [para] => 
)

[POST 参数]	Array
(
)

---------------------------------------------

[2023-06-10 17:32:29.266515]	/page.php?page=3&topic=1&para=
[GET 参数]	Array
(
    [page] => 3
    [topic] => 1
    [para] => 
)

[POST 参数]	Array
(
)

---------------------------------------------

[2023-06-10 17:32:32.589902]	/page.php?page=3&topic=1&para=
[GET 参数]	Array
(
    [page] => 3
    [topic] => 1
    [para] => 
)

[POST 参数]	Array
(
)

---------------------------------------------

[2023-06-10 17:32:35.071540]	/page.php?page=3&topic=1&para=
[GET 参数]	Array
(
    [page] => 3
    [topic] => 1
    [para] => 
)

[POST 参数]	Array
(
)

---------------------------------------------

[2023-06-10 17:32:57.787808]	/
[GET 参数]	Array
(
)

[POST 参数]	Array
(
)

---------------------------------------------

