[2023-06-13 14:29:14.024979]	/index.php
[GET 参数]	Array
(
)

[POST 参数]	Array
(
)

---------------------------------------------

[2023-06-13 14:29:14.561458]	/index.php
[GET 参数]	Array
(
)

[POST 参数]	Array
(
)

---------------------------------------------

[2023-06-13 14:29:15.118175]	/page.php?topic=3
[GET 参数]	Array
(
    [topic] => 3
)

[POST 参数]	Array
(
)

---------------------------------------------

[2023-06-13 14:29:15.973897]	/index.php
[GET 参数]	Array
(
)

[POST 参数]	Array
(
)

---------------------------------------------

[2023-06-13 14:29:16.403791]	/page.php?topic=2
[GET 参数]	Array
(
    [topic] => 2
)

[POST 参数]	Array
(
)

---------------------------------------------

[2023-06-13 14:29:16.979993]	/index.php
[GET 参数]	Array
(
)

[POST 参数]	Array
(
)

---------------------------------------------

[2023-06-13 14:29:17.496039]	/page.php?topic=1
[GET 参数]	Array
(
    [topic] => 1
)

[POST 参数]	Array
(
)

---------------------------------------------

[2023-06-13 14:29:19.117665]	/index.php
[GET 参数]	Array
(
)

[POST 参数]	Array
(
)

---------------------------------------------

[2023-06-13 14:29:19.688897]	/page.php?topic=2
[GET 参数]	Array
(
    [topic] => 2
)

[POST 参数]	Array
(
)

---------------------------------------------

[2023-06-13 14:29:20.322204]	/page.php?topic=3
[GET 参数]	Array
(
    [topic] => 3
)

[POST 参数]	Array
(
)

---------------------------------------------

[2023-06-13 14:29:21.564925]	/search.php
[GET 参数]	Array
(
)

[POST 参数]	Array
(
)

---------------------------------------------

[2023-06-13 14:29:23.575724]	/search.php
[GET 参数]	Array
(
)

[POST 参数]	Array
(
    [content] => 123
    [submitBtn] => 
)

---------------------------------------------

[2023-06-13 14:29:54.339240]	/search.php
[GET 参数]	Array
(
)

[POST 参数]	Array
(
    [content] => 123
    [submitBtn] => 
)

---------------------------------------------

[2023-06-13 14:29:58.370983]	/search.php
[GET 参数]	Array
(
)

[POST 参数]	Array
(
    [content] => 111111
    [submitBtn] => 
)

---------------------------------------------

