[2023-06-09 19:23:00.583795]	/page.php?page=1&topic=2&para=
[GET 参数]	Array
(
    [page] => 1
    [topic] => 2
    [para] => 
)

[POST 参数]	Array
(
)

---------------------------------------------

[2023-06-09 19:23:03.243220]	/page.php?page=1&topic=1&para=
[GET 参数]	Array
(
    [page] => 1
    [topic] => 1
    [para] => 
)

[POST 参数]	Array
(
)

---------------------------------------------

[2023-06-09 19:23:06.303379]	/page.php?page=2&topic=2&para=
[GET 参数]	Array
(
    [page] => 2
    [topic] => 2
    [para] => 
)

[POST 参数]	Array
(
)

---------------------------------------------

[2023-06-09 19:23:19.515031]	/page.php?topic=3
[GET 参数]	Array
(
    [topic] => 3
)

[POST 参数]	Array
(
)

---------------------------------------------

[2023-06-09 19:23:21.837060]	/page.php?topic=1
[GET 参数]	Array
(
    [topic] => 1
)

[POST 参数]	Array
(
)

---------------------------------------------

[2023-06-09 19:23:22.720394]	/page.php?topic=2
[GET 参数]	Array
(
    [topic] => 2
)

[POST 参数]	Array
(
)

---------------------------------------------

[2023-06-09 19:23:23.861454]	/page.php?topic=3
[GET 参数]	Array
(
    [topic] => 3
)

[POST 参数]	Array
(
)

---------------------------------------------

[2023-06-09 19:23:29.998015]	/page.php?topic=1
[GET 参数]	Array
(
    [topic] => 1
)

[POST 参数]	Array
(
)

---------------------------------------------

[2023-06-09 19:23:31.736079]	/page.php?page=3&topic=3&para=
[GET 参数]	Array
(
    [page] => 3
    [topic] => 3
    [para] => 
)

[POST 参数]	Array
(
)

---------------------------------------------

[2023-06-09 19:23:36.356071]	/page.php?topic=1
[GET 参数]	Array
(
    [topic] => 1
)

[POST 参数]	Array
(
)

---------------------------------------------

[2023-06-09 19:23:37.824765]	/page.php?page=2&topic=3&para=
[GET 参数]	Array
(
    [page] => 2
    [topic] => 3
    [para] => 
)

[POST 参数]	Array
(
)

---------------------------------------------

[2023-06-09 19:23:41.510948]	/page.php?topic=1
[GET 参数]	Array
(
    [topic] => 1
)

[POST 参数]	Array
(
)

---------------------------------------------

