[2023-06-09 19:32:02.165709]	/page.php?topic=1
[GET 参数]	Array
(
    [topic] => 1
)

[POST 参数]	Array
(
)

---------------------------------------------

[2023-06-09 19:32:05.681093]	/page.php?page=2&topic=2&para=
[GET 参数]	Array
(
    [page] => 2
    [topic] => 2
    [para] => 
)

[POST 参数]	Array
(
)

---------------------------------------------

[2023-06-09 19:32:06.911605]	/page.php?page=1&topic=1&para=
[GET 参数]	Array
(
    [page] => 1
    [topic] => 1
    [para] => 
)

[POST 参数]	Array
(
)

---------------------------------------------

[2023-06-09 19:32:56.470730]	/page.php?topic=3
[GET 参数]	Array
(
    [topic] => 3
)

[POST 参数]	Array
(
)

---------------------------------------------

[2023-06-09 19:32:58.787136]	/page.php?topic=2
[GET 参数]	Array
(
    [topic] => 2
)

[POST 参数]	Array
(
)

---------------------------------------------

