[2023-06-05 19:11:06.014904]	/?content=123123123&token2=bade95fd65018350b6f935f9e8e8d61219bf1241647a1b541cdde362a36ca052&submitBtn=
[GET 参数]	Array
(
    [content] => 123123123
    [token2] => bade95fd65018350b6f935f9e8e8d61219bf1241647a1b541cdde362a36ca052
    [submitBtn] => 
)

[POST 参数]	Array
(
)

---------------------------------------------

[2023-06-05 19:11:09.172745]	/?content=123123123&token2=bade95fd65018350b6f935f9e8e8d61219bf1241647a1b541cdde362a36ca052&submitBtn=
[GET 参数]	Array
(
    [content] => 123123123
    [token2] => bade95fd65018350b6f935f9e8e8d61219bf1241647a1b541cdde362a36ca052
    [submitBtn] => 
)

[POST 参数]	Array
(
)

---------------------------------------------

[2023-06-05 19:11:16.619037]	/?content=123123123&token2=bade95fd65018350b6f935f9e8e8d61219bf1241647a1b541cdde362a36ca052&submitBtn=
[GET 参数]	Array
(
    [content] => 123123123
    [token2] => bade95fd65018350b6f935f9e8e8d61219bf1241647a1b541cdde362a36ca052
    [submitBtn] => 
)

[POST 参数]	Array
(
)

---------------------------------------------

[2023-06-05 19:11:23.572440]	/?content=123123123&token2=bade95fd65018350b6f935f9e8e8d61219bf1241647a1b541cdde362a36ca052&submitBtn=
[GET 参数]	Array
(
    [content] => 123123123
    [token2] => bade95fd65018350b6f935f9e8e8d61219bf1241647a1b541cdde362a36ca052
    [submitBtn] => 
)

[POST 参数]	Array
(
)

---------------------------------------------

[2023-06-05 19:11:30.710998]	/?content=123123123&token2=bade95fd65018350b6f935f9e8e8d61219bf1241647a1b541cdde362a36ca052&submitBtn=
[GET 参数]	Array
(
    [content] => 123123123
    [token2] => bade95fd65018350b6f935f9e8e8d61219bf1241647a1b541cdde362a36ca052
    [submitBtn] => 
)

[POST 参数]	Array
(
)

---------------------------------------------

[2023-06-05 19:11:40.029796]	/?content=123123123&token2=bade95fd65018350b6f935f9e8e8d61219bf1241647a1b541cdde362a36ca052&submitBtn=
[GET 参数]	Array
(
    [content] => 123123123
    [token2] => bade95fd65018350b6f935f9e8e8d61219bf1241647a1b541cdde362a36ca052
    [submitBtn] => 
)

[POST 参数]	Array
(
)

---------------------------------------------

