[2023-06-10 19:11:04.932178]	/
[GET 参数]	Array
(
)

[POST 参数]	Array
(
)

---------------------------------------------

[2023-06-10 19:11:14.125447]	/index.php
[GET 参数]	Array
(
)

[POST 参数]	Array
(
)

---------------------------------------------

[2023-06-10 19:11:17.104211]	/index.php
[GET 参数]	Array
(
)

[POST 参数]	Array
(
)

---------------------------------------------

[2023-06-10 19:11:17.753323]	/login.php
[GET 参数]	Array
(
)

[POST 参数]	Array
(
)

---------------------------------------------

[2023-06-10 19:11:19.832957]	/login.php?action=login
[GET 参数]	Array
(
    [action] => login
)

[POST 参数]	Array
(
    [account] => rootroot1@qq.com
    [password] => rootroot1
)

---------------------------------------------

[2023-06-10 19:11:21.671234]	/index.php
[GET 参数]	Array
(
)

[POST 参数]	Array
(
)

---------------------------------------------

[2023-06-10 19:11:30.083531]	/index.php
[GET 参数]	Array
(
)

[POST 参数]	Array
(
)

---------------------------------------------

[2023-06-10 19:11:32.550945]	/page.php?topic=11
[GET 参数]	Array
(
    [topic] => 11
)

[POST 参数]	Array
(
)

---------------------------------------------

[2023-06-10 19:11:35.914372]	/page.php?topic=11
[GET 参数]	Array
(
    [topic] => 11
)

[POST 参数]	Array
(
)

---------------------------------------------

