[2023-06-06 11:14:03.124026]	/reg.php?action=reg
[GET 参数]	Array
(
    [action] => reg
)

[POST 参数]	Array
(
    [nickname] => rootroot7
    [password] => rootroot7
    [email] => rootroot7@qq.com
    [qq] => 111111111111111111
    [sex] => 1
)

---------------------------------------------

[2023-06-06 11:14:05.002549]	/login.php
[GET 参数]	Array
(
)

[POST 参数]	Array
(
)

---------------------------------------------

[2023-06-06 11:14:40.610889]	/index.php
[GET 参数]	Array
(
)

[POST 参数]	Array
(
)

---------------------------------------------

[2023-06-06 11:14:57.574287]	/index.php
[GET 参数]	Array
(
)

[POST 参数]	Array
(
)

---------------------------------------------

