[2023-06-09 18:18:02.033812]	/index.php
[GET 参数]	Array
(
)

[POST 参数]	Array
(
)

---------------------------------------------

[2023-06-09 18:18:04.542069]	/index.php
[GET 参数]	Array
(
)

[POST 参数]	Array
(
)

---------------------------------------------

[2023-06-09 18:18:05.601148]	/login.php
[GET 参数]	Array
(
)

[POST 参数]	Array
(
)

---------------------------------------------

[2023-06-09 18:18:07.431073]	/login.php?action=login
[GET 参数]	Array
(
    [action] => login
)

[POST 参数]	Array
(
    [account] => rootroot1@qq.com
    [password] => rootroot1
)

---------------------------------------------

[2023-06-09 18:18:09.297333]	/index.php
[GET 参数]	Array
(
)

[POST 参数]	Array
(
)

---------------------------------------------

[2023-06-09 18:18:10.324749]	/page.php?topic=1
[GET 参数]	Array
(
    [topic] => 1
)

[POST 参数]	Array
(
)

---------------------------------------------

[2023-06-09 18:18:12.896652]	/page.php?content=++++++++111111&submitBtn=
[GET 参数]	Array
(
    [content] =>         111111
    [submitBtn] => 
)

[POST 参数]	Array
(
)

---------------------------------------------

[2023-06-09 18:18:43.311621]	/page.php?content=++++++++111111&submitBtn=
[GET 参数]	Array
(
    [content] =>         111111
    [submitBtn] => 
)

[POST 参数]	Array
(
)

---------------------------------------------

[2023-06-09 18:18:44.625955]	/page.php?content=++++++++11&submitBtn=
[GET 参数]	Array
(
    [content] =>         11
    [submitBtn] => 
)

[POST 参数]	Array
(
)

---------------------------------------------

[2023-06-09 18:18:51.758670]	/page.php?topic=1
[GET 参数]	Array
(
    [topic] => 1
)

[POST 参数]	Array
(
)

---------------------------------------------

[2023-06-09 18:18:53.755046]	/page.php?content=++++++++2222222222&submitBtn=
[GET 参数]	Array
(
    [content] =>         2222222222
    [submitBtn] => 
)

[POST 参数]	Array
(
)

---------------------------------------------

[2023-06-09 18:18:57.078704]	/page.php?topic=1
[GET 参数]	Array
(
    [topic] => 1
)

[POST 参数]	Array
(
)

---------------------------------------------

[2023-06-09 18:18:57.724168]	/page.php?topic=2
[GET 参数]	Array
(
    [topic] => 2
)

[POST 参数]	Array
(
)

---------------------------------------------

[2023-06-09 18:18:58.702751]	/page.php?topic=1
[GET 参数]	Array
(
    [topic] => 1
)

[POST 参数]	Array
(
)

---------------------------------------------

[2023-06-09 18:18:59.548399]	/page.php?topic=2
[GET 参数]	Array
(
    [topic] => 2
)

[POST 参数]	Array
(
)

---------------------------------------------

