[2023-06-09 10:36:01.825367]	/search.php
[GET 参数]	Array
(
)

[POST 参数]	Array
(
)

---------------------------------------------

[2023-06-09 10:36:29.689934]	/search.php
[GET 参数]	Array
(
)

[POST 参数]	Array
(
)

---------------------------------------------

[2023-06-09 10:36:30.689955]	/search.php
[GET 参数]	Array
(
)

[POST 参数]	Array
(
)

---------------------------------------------

[2023-06-09 10:36:33.841347]	/search.php
[GET 参数]	Array
(
)

[POST 参数]	Array
(
)

---------------------------------------------

[2023-06-09 10:36:36.694086]	/search.php
[GET 参数]	Array
(
)

[POST 参数]	Array
(
    [content] => 11
    [submitBtn] => 
)

---------------------------------------------

