[2023-06-10 16:34:08.667709]	/page.php?topic=1
[GET 参数]	Array
(
    [topic] => 1
)

[POST 参数]	Array
(
)

---------------------------------------------

[2023-06-10 16:34:09.767478]	/page.php?topic=1
[GET 参数]	Array
(
    [topic] => 1
)

[POST 参数]	Array
(
)

---------------------------------------------

[2023-06-10 16:34:12.605049]	/page.php?topic=1
[GET 参数]	Array
(
    [topic] => 1
)

[POST 参数]	Array
(
)

---------------------------------------------

[2023-06-10 16:34:20.848499]	/page.php?topic=1
[GET 参数]	Array
(
    [topic] => 1
)

[POST 参数]	Array
(
)

---------------------------------------------

[2023-06-10 16:34:36.391894]	/page.php?topic=1
[GET 参数]	Array
(
    [topic] => 1
)

[POST 参数]	Array
(
)

---------------------------------------------

