[2023-06-10 16:37:34.964938]	/page.php?page=2&topic=2&para=
[GET 参数]	Array
(
    [page] => 2
    [topic] => 2
    [para] => 
)

[POST 参数]	Array
(
)

---------------------------------------------

[2023-06-10 16:37:36.007656]	/page.php?page=1&topic=2&para=
[GET 参数]	Array
(
    [page] => 1
    [topic] => 2
    [para] => 
)

[POST 参数]	Array
(
)

---------------------------------------------

[2023-06-10 16:37:36.844422]	/page.php?topic=1
[GET 参数]	Array
(
    [topic] => 1
)

[POST 参数]	Array
(
)

---------------------------------------------

