[2023-06-09 16:05:10.265954]	/page.php?page=5
[GET 参数]	Array
(
    [page] => 5
)

[POST 参数]	Array
(
)

---------------------------------------------

[2023-06-09 16:05:11.068129]	/page.php?page=2
[GET 参数]	Array
(
    [page] => 2
)

[POST 参数]	Array
(
)

---------------------------------------------

[2023-06-09 16:05:16.106534]	/page.php?page=1
[GET 参数]	Array
(
    [page] => 1
)

[POST 参数]	Array
(
)

---------------------------------------------

[2023-06-09 16:05:18.989267]	/page.php?topic=1
[GET 参数]	Array
(
    [topic] => 1
)

[POST 参数]	Array
(
)

---------------------------------------------

