[2023-06-09 19:06:04.440873]	/page.php?topic=1
[GET 参数]	Array
(
    [topic] => 1
)

[POST 参数]	Array
(
)

---------------------------------------------

[2023-06-09 19:06:05.368161]	/page.php?topic=1
[GET 参数]	Array
(
    [topic] => 1
)

[POST 参数]	Array
(
)

---------------------------------------------

[2023-06-09 19:06:07.080394]	/page.php?page=3&topic=1&para=
[GET 参数]	Array
(
    [page] => 3
    [topic] => 1
    [para] => 
)

[POST 参数]	Array
(
)

---------------------------------------------

[2023-06-09 19:06:08.847268]	/page.php?page=2&topic=1&para=
[GET 参数]	Array
(
    [page] => 2
    [topic] => 1
    [para] => 
)

[POST 参数]	Array
(
)

---------------------------------------------

[2023-06-09 19:06:10.039136]	/page.php?page=4&topic=1&para=
[GET 参数]	Array
(
    [page] => 4
    [topic] => 1
    [para] => 
)

[POST 参数]	Array
(
)

---------------------------------------------

