[2023-06-05 18:57:00.188142]	/?content=111111111111&token2=&submitBtn=
[GET 参数]	Array
(
    [content] => 111111111111
    [token2] => 
    [submitBtn] => 
)

[POST 参数]	Array
(
)

---------------------------------------------

[2023-06-05 18:57:22.954573]	/?content=111111111111&token2=&submitBtn=
[GET 参数]	Array
(
    [content] => 111111111111
    [token2] => 
    [submitBtn] => 
)

[POST 参数]	Array
(
)

---------------------------------------------

[2023-06-05 18:57:24.408984]	/?content=11111111111&token2=&submitBtn=
[GET 参数]	Array
(
    [content] => 11111111111
    [token2] => 
    [submitBtn] => 
)

[POST 参数]	Array
(
)

---------------------------------------------

[2023-06-05 18:57:28.225837]	/?content=111111111111&token2=6ca74e96dfadc8d0c9fd341cda46925ea60305eb04c46ee25e00af3291c90cf1&submitBtn=
[GET 参数]	Array
(
    [content] => 111111111111
    [token2] => 6ca74e96dfadc8d0c9fd341cda46925ea60305eb04c46ee25e00af3291c90cf1
    [submitBtn] => 
)

[POST 参数]	Array
(
)

---------------------------------------------

[2023-06-05 18:57:31.401910]	/?content=1111111111111111&token2=f2c4ebb9bb2efa85d138304f30082424709e2d762fb58d1702c4167646212f1d&submitBtn=
[GET 参数]	Array
(
    [content] => 1111111111111111
    [token2] => f2c4ebb9bb2efa85d138304f30082424709e2d762fb58d1702c4167646212f1d
    [submitBtn] => 
)

[POST 参数]	Array
(
)

---------------------------------------------

[2023-06-05 18:57:35.736803]	/?content=12121212&token2=990ecddf485daa8ca11f92251da1baa398eed0691162d666c6187b537633e2eb&submitBtn=
[GET 参数]	Array
(
    [content] => 12121212
    [token2] => 990ecddf485daa8ca11f92251da1baa398eed0691162d666c6187b537633e2eb
    [submitBtn] => 
)

[POST 参数]	Array
(
)

---------------------------------------------

[2023-06-05 18:57:44.262030]	/?content=12121212&token2=990ecddf485daa8ca11f92251da1baa398eed0691162d666c6187b537633e2eb&submitBtn=
[GET 参数]	Array
(
    [content] => 12121212
    [token2] => 990ecddf485daa8ca11f92251da1baa398eed0691162d666c6187b537633e2eb
    [submitBtn] => 
)

[POST 参数]	Array
(
)

---------------------------------------------

[2023-06-05 18:57:46.561478]	/?content=1111111111&token2=2abd8ff8a637579426320386deb1117e6f42d23a912b0d366d23860318f036fe&submitBtn=
[GET 参数]	Array
(
    [content] => 1111111111
    [token2] => 2abd8ff8a637579426320386deb1117e6f42d23a912b0d366d23860318f036fe
    [submitBtn] => 
)

[POST 参数]	Array
(
)

---------------------------------------------

