[2023-06-05 19:14:01.874985]	/?page=1
[GET 参数]	Array
(
    [page] => 1
)

[POST 参数]	Array
(
)

---------------------------------------------

[2023-06-05 19:14:27.080527]	/?page=1
[GET 参数]	Array
(
    [page] => 1
)

[POST 参数]	Array
(
)

---------------------------------------------

[2023-06-05 19:14:33.985955]	/edit.php?cid=10115
[GET 参数]	Array
(
    [cid] => 10115
)

[POST 参数]	Array
(
)

---------------------------------------------

[2023-06-05 19:14:36.843516]	/edit.php?cid=10115&do=update
[GET 参数]	Array
(
    [cid] => 10115
    [do] => update
)

[POST 参数]	Array
(
    [content] => script11111
    [submitBtn] => 
)

---------------------------------------------

[2023-06-05 19:14:39.490197]	/index.php
[GET 参数]	Array
(
)

[POST 参数]	Array
(
)

---------------------------------------------

[2023-06-05 19:14:59.356678]	/index.php
[GET 参数]	Array
(
)

[POST 参数]	Array
(
)

---------------------------------------------

