[2023-06-15 16:42:11.168945]	/page.php?topic=&action=likes
[GET 参数]	Array
(
    [topic] => 
    [action] => likes
)

[POST 参数]	Array
(
)

---------------------------------------------

[2023-06-15 16:42:12.481351]	/page.php?topic=3
[GET 参数]	Array
(
    [topic] => 3
)

[POST 参数]	Array
(
)

---------------------------------------------

[2023-06-15 16:42:14.566802]	/page.php?topic=&action=likes
[GET 参数]	Array
(
    [topic] => 
    [action] => likes
)

[POST 参数]	Array
(
)

---------------------------------------------

[2023-06-15 16:42:18.514207]	/page.php?topic=3
[GET 参数]	Array
(
    [topic] => 3
)

[POST 参数]	Array
(
)

---------------------------------------------

[2023-06-15 16:42:20.350280]	/page.php?topic=2
[GET 参数]	Array
(
    [topic] => 2
)

[POST 参数]	Array
(
)

---------------------------------------------

[2023-06-15 16:42:22.375587]	/page.php?topic=&action=likes
[GET 参数]	Array
(
    [topic] => 
    [action] => likes
)

[POST 参数]	Array
(
)

---------------------------------------------

[2023-06-15 16:42:23.683374]	/page.php?topic=3
[GET 参数]	Array
(
    [topic] => 3
)

[POST 参数]	Array
(
)

---------------------------------------------

[2023-06-15 16:42:28.484413]	/page.php?topic=&action=likes
[GET 参数]	Array
(
    [topic] => 
    [action] => likes
)

[POST 参数]	Array
(
)

---------------------------------------------

[2023-06-15 16:42:30.017323]	/page.php?topic=3
[GET 参数]	Array
(
    [topic] => 3
)

[POST 参数]	Array
(
)

---------------------------------------------

