[2023-06-10 12:06:00.518228]	/page.php?page=2&topic=1&para=
[GET 参数]	Array
(
    [page] => 2
    [topic] => 1
    [para] => 
)

[POST 参数]	Array
(
)

---------------------------------------------

[2023-06-10 12:06:24.808599]	/page.php?page=2&topic=1&para=
[GET 参数]	Array
(
    [page] => 2
    [topic] => 1
    [para] => 
)

[POST 参数]	Array
(
)

---------------------------------------------

[2023-06-10 12:06:30.156264]	/page.php?page=2&topic=1&para=
[GET 参数]	Array
(
    [page] => 2
    [topic] => 1
    [para] => 
)

[POST 参数]	Array
(
)

---------------------------------------------

[2023-06-10 12:06:34.871316]	/page.php?page=2&topic=1&para=
[GET 参数]	Array
(
    [page] => 2
    [topic] => 1
    [para] => 
)

[POST 参数]	Array
(
)

---------------------------------------------

[2023-06-10 12:06:43.521013]	/page.php?page=2&topic=1&para=
[GET 参数]	Array
(
    [page] => 2
    [topic] => 1
    [para] => 
)

[POST 参数]	Array
(
)

---------------------------------------------

