[2023-06-05 18:53:13.848683]	/
[GET 参数]	Array
(
)

[POST 参数]	Array
(
)

---------------------------------------------

[2023-06-05 18:53:15.304517]	/?content=11111111111&token2=&submitBtn=
[GET 参数]	Array
(
    [content] => 11111111111
    [token2] => 
    [submitBtn] => 
)

[POST 参数]	Array
(
)

---------------------------------------------

[2023-06-05 18:53:39.157634]	/?content=123123123&token2=&submitBtn=
[GET 参数]	Array
(
    [content] => 123123123
    [token2] => 
    [submitBtn] => 
)

[POST 参数]	Array
(
)

---------------------------------------------

[2023-06-05 18:53:50.674907]	/?content=123123123&token2=&submitBtn=
[GET 参数]	Array
(
    [content] => 123123123
    [token2] => 
    [submitBtn] => 
)

[POST 参数]	Array
(
)

---------------------------------------------

