[2023-06-09 16:08:24.058215]	/page.php?topic=1
[GET 参数]	Array
(
    [topic] => 1
)

[POST 参数]	Array
(
)

---------------------------------------------

[2023-06-09 16:08:33.493541]	/page.php?topic=1
[GET 参数]	Array
(
    [topic] => 1
)

[POST 参数]	Array
(
)

---------------------------------------------

[2023-06-09 16:08:35.784240]	/page.php?page=2&topic=1&para=
[GET 参数]	Array
(
    [page] => 2
    [topic] => 1
    [para] => 
)

[POST 参数]	Array
(
)

---------------------------------------------

[2023-06-09 16:08:39.018640]	/page.php?page=3&topic=1&para=
[GET 参数]	Array
(
    [page] => 3
    [topic] => 1
    [para] => 
)

[POST 参数]	Array
(
)

---------------------------------------------

[2023-06-09 16:08:41.552619]	/page.php?page=4&topic=1&para=
[GET 参数]	Array
(
    [page] => 4
    [topic] => 1
    [para] => 
)

[POST 参数]	Array
(
)

---------------------------------------------

[2023-06-09 16:08:44.394012]	/page.php?topic=2
[GET 参数]	Array
(
    [topic] => 2
)

[POST 参数]	Array
(
)

---------------------------------------------

[2023-06-09 16:08:46.161281]	/page.php?page=2&topic=1&para=
[GET 参数]	Array
(
    [page] => 2
    [topic] => 1
    [para] => 
)

[POST 参数]	Array
(
)

---------------------------------------------

[2023-06-09 16:08:47.294311]	/page.php?page=3&topic=2&para=
[GET 参数]	Array
(
    [page] => 3
    [topic] => 2
    [para] => 
)

[POST 参数]	Array
(
)

---------------------------------------------

[2023-06-09 16:08:48.963939]	/page.php?page=4&topic=1&para=
[GET 参数]	Array
(
    [page] => 4
    [topic] => 1
    [para] => 
)

[POST 参数]	Array
(
)

---------------------------------------------

[2023-06-09 16:08:52.659549]	/page.php?page=3&topic=2&para=
[GET 参数]	Array
(
    [page] => 3
    [topic] => 2
    [para] => 
)

[POST 参数]	Array
(
)

---------------------------------------------

[2023-06-09 16:08:54.803998]	/page.php?page=4&topic=1&para=
[GET 参数]	Array
(
    [page] => 4
    [topic] => 1
    [para] => 
)

[POST 参数]	Array
(
)

---------------------------------------------

[2023-06-09 16:08:57.382144]	/page.php?page=5&topic=2&para=
[GET 参数]	Array
(
    [page] => 5
    [topic] => 2
    [para] => 
)

[POST 参数]	Array
(
)

---------------------------------------------

[2023-06-09 16:08:59.514643]	/page.php?page=6&topic=1&para=
[GET 参数]	Array
(
    [page] => 6
    [topic] => 1
    [para] => 
)

[POST 参数]	Array
(
)

---------------------------------------------

