[2023-06-09 14:19:02.989891]	/index.php?page=4
[GET 参数]	Array
(
    [page] => 4
)

[POST 参数]	Array
(
)

---------------------------------------------

[2023-06-09 14:19:05.559852]	/index.php?topic=2
[GET 参数]	Array
(
    [topic] => 2
)

[POST 参数]	Array
(
)

---------------------------------------------

[2023-06-09 14:19:06.922142]	/index.php?topic=3
[GET 参数]	Array
(
    [topic] => 3
)

[POST 参数]	Array
(
)

---------------------------------------------

[2023-06-09 14:19:07.652097]	/index.php?topic=2
[GET 参数]	Array
(
    [topic] => 2
)

[POST 参数]	Array
(
)

---------------------------------------------

