[2023-06-09 11:29:05.665743]	/
[GET 参数]	Array
(
)

[POST 参数]	Array
(
)

---------------------------------------------

[2023-06-09 11:29:14.012464]	/
[GET 参数]	Array
(
)

[POST 参数]	Array
(
)

---------------------------------------------

[2023-06-09 11:29:14.338337]	/
[GET 参数]	Array
(
)

[POST 参数]	Array
(
)

---------------------------------------------

[2023-06-09 11:29:25.700715]	/
[GET 参数]	Array
(
)

[POST 参数]	Array
(
)

---------------------------------------------

[2023-06-09 11:29:53.810501]	/
[GET 参数]	Array
(
)

[POST 参数]	Array
(
)

---------------------------------------------

