[2023-06-05 19:25:35.563615]	/search.php
[GET 参数]	Array
(
)

[POST 参数]	Array
(
)

---------------------------------------------

[2023-06-05 19:25:36.256701]	/login.php
[GET 参数]	Array
(
)

[POST 参数]	Array
(
)

---------------------------------------------

[2023-06-05 19:25:37.159377]	/index.php
[GET 参数]	Array
(
)

[POST 参数]	Array
(
)

---------------------------------------------

[2023-06-05 19:25:38.148795]	/search.php
[GET 参数]	Array
(
)

[POST 参数]	Array
(
)

---------------------------------------------

[2023-06-05 19:25:40.067649]	/search.php
[GET 参数]	Array
(
)

[POST 参数]	Array
(
    [content] => 111111
    [submitBtn] => 
)

---------------------------------------------

[2023-06-05 19:25:46.925352]	/login.php
[GET 参数]	Array
(
)

[POST 参数]	Array
(
)

---------------------------------------------

[2023-06-05 19:25:47.714747]	/index.php
[GET 参数]	Array
(
)

[POST 参数]	Array
(
)

---------------------------------------------

[2023-06-05 19:25:51.698614]	/index.php?page=4
[GET 参数]	Array
(
    [page] => 4
)

[POST 参数]	Array
(
)

---------------------------------------------

[2023-06-05 19:25:53.299439]	/index.php?page=5
[GET 参数]	Array
(
    [page] => 5
)

[POST 参数]	Array
(
)

---------------------------------------------

