[2023-06-09 19:25:49.887428]	/page.php?topic=1
[GET 参数]	Array
(
    [topic] => 1
)

[POST 参数]	Array
(
)

---------------------------------------------

[2023-06-09 19:25:51.354764]	/page.php?page=2&topic=3&para=
[GET 参数]	Array
(
    [page] => 2
    [topic] => 3
    [para] => 
)

[POST 参数]	Array
(
)

---------------------------------------------

[2023-06-09 19:25:52.997033]	/page.php?page=1&topic=1&para=.&para=
[GET 参数]	Array
(
    [page] => 1
    [topic] => 1
    [para] => 
)

[POST 参数]	Array
(
)

---------------------------------------------

[2023-06-09 19:25:56.785727]	/page.php?page=4&topic=3&para=
[GET 参数]	Array
(
    [page] => 4
    [topic] => 3
    [para] => 
)

[POST 参数]	Array
(
)

---------------------------------------------

[2023-06-09 19:25:58.869843]	/page.php?page=1&topic=1&para=.&para=
[GET 参数]	Array
(
    [page] => 1
    [topic] => 1
    [para] => 
)

[POST 参数]	Array
(
)

---------------------------------------------

