[2023-06-09 12:28:03.085439]	/index.php?page=1
[GET 参数]	Array
(
    [page] => 1
)

[POST 参数]	Array
(
)

---------------------------------------------

[2023-06-09 12:28:07.501301]	/
[GET 参数]	Array
(
)

[POST 参数]	Array
(
)

---------------------------------------------

[2023-06-09 12:28:09.142173]	/
[GET 参数]	Array
(
)

[POST 参数]	Array
(
)

---------------------------------------------

[2023-06-09 12:28:12.066547]	/index.php
[GET 参数]	Array
(
)

[POST 参数]	Array
(
)

---------------------------------------------

[2023-06-09 12:28:15.700937]	/reg.php
[GET 参数]	Array
(
)

[POST 参数]	Array
(
)

---------------------------------------------

[2023-06-09 12:28:36.552810]	/reg.php?action=reg
[GET 参数]	Array
(
    [action] => reg
)

[POST 参数]	Array
(
    [nickname] => rootroot7
    [password] => rootroot7
    [email] => rootroot7@qq.com
    [qq] => 12321312321
    [sex] => 1
)

---------------------------------------------

[2023-06-09 12:28:50.459218]	/reg.php?action=reg
[GET 参数]	Array
(
    [action] => reg
)

[POST 参数]	Array
(
    [nickname] => rootroot9
    [password] => rootroot9
    [email] => rootroot9@qq.com
    [qq] => 12321312321
    [sex] => 1
)

---------------------------------------------

[2023-06-09 12:28:52.910786]	/login.php
[GET 参数]	Array
(
)

[POST 参数]	Array
(
)

---------------------------------------------

