[2023-06-05 19:13:47.953319]	/?content=123123123&token2=bade95fd65018350b6f935f9e8e8d61219bf1241647a1b541cdde362a36ca052&submitBtn=
[GET 参数]	Array
(
    [content] => 123123123
    [token2] => bade95fd65018350b6f935f9e8e8d61219bf1241647a1b541cdde362a36ca052
    [submitBtn] => 
)

[POST 参数]	Array
(
)

---------------------------------------------

[2023-06-05 19:13:51.994470]	/
[GET 参数]	Array
(
)

[POST 参数]	Array
(
)

---------------------------------------------

[2023-06-05 19:13:54.245921]	/
[GET 参数]	Array
(
)

[POST 参数]	Array
(
)

---------------------------------------------

[2023-06-05 19:13:57.364588]	/?page=3
[GET 参数]	Array
(
    [page] => 3
)

[POST 参数]	Array
(
)

---------------------------------------------

[2023-06-05 19:13:59.241582]	/?page=5
[GET 参数]	Array
(
    [page] => 5
)

[POST 参数]	Array
(
)

---------------------------------------------

