[2023-06-13 14:28:01.020382]	/index.php
[GET 参数]	Array
(
)

[POST 参数]	Array
(
)

---------------------------------------------

[2023-06-13 14:28:14.853505]	/page.php?topic=3
[GET 参数]	Array
(
    [topic] => 3
)

[POST 参数]	Array
(
)

---------------------------------------------

[2023-06-13 14:28:16.056380]	/search.php
[GET 参数]	Array
(
)

[POST 参数]	Array
(
)

---------------------------------------------

[2023-06-13 14:28:17.514023]	/search.php
[GET 参数]	Array
(
)

[POST 参数]	Array
(
    [content] => 123
    [submitBtn] => 
)

---------------------------------------------

[2023-06-13 14:28:23.063865]	/search.php
[GET 参数]	Array
(
)

[POST 参数]	Array
(
    [content] => 11
    [submitBtn] => 
)

---------------------------------------------

[2023-06-13 14:28:27.854427]	/search.php?page=3&topic=1&para=&content=11
[GET 参数]	Array
(
    [page] => 3
    [topic] => 1
    [para] => 
    [content] => 11
)

[POST 参数]	Array
(
)

---------------------------------------------

[2023-06-13 14:28:29.005770]	/search.php?page=1&topic=1
[GET 参数]	Array
(
    [page] => 1
    [topic] => 1
)

[POST 参数]	Array
(
)

---------------------------------------------

[2023-06-13 14:28:29.714349]	/search.php?page=1&topic=1
[GET 参数]	Array
(
    [page] => 1
    [topic] => 1
)

[POST 参数]	Array
(
)

---------------------------------------------

[2023-06-13 14:28:32.629733]	/login.php
[GET 参数]	Array
(
)

[POST 参数]	Array
(
)

---------------------------------------------

[2023-06-13 14:28:33.286249]	/index.php
[GET 参数]	Array
(
)

[POST 参数]	Array
(
)

---------------------------------------------

[2023-06-13 14:28:33.918091]	/search.php
[GET 参数]	Array
(
)

[POST 参数]	Array
(
)

---------------------------------------------

[2023-06-13 14:28:36.389433]	/search.php
[GET 参数]	Array
(
)

[POST 参数]	Array
(
    [content] => 1111111
    [submitBtn] => 
)

---------------------------------------------

[2023-06-13 14:28:48.255135]	/login.php
[GET 参数]	Array
(
)

[POST 参数]	Array
(
)

---------------------------------------------

[2023-06-13 14:28:50.763987]	/login.php?action=login
[GET 参数]	Array
(
    [action] => login
)

[POST 参数]	Array
(
    [account] => rootroot1@qq.com
    [password] => rootroot1
)

---------------------------------------------

[2023-06-13 14:28:52.607511]	/index.php
[GET 参数]	Array
(
)

[POST 参数]	Array
(
)

---------------------------------------------

