[2023-06-07 14:16:09.137039]	/
[GET 参数]	Array
(
)

[POST 参数]	Array
(
)

---------------------------------------------

[2023-06-07 14:16:17.682741]	/
[GET 参数]	Array
(
)

[POST 参数]	Array
(
)

---------------------------------------------

[2023-06-07 14:16:21.465372]	/index.php
[GET 参数]	Array
(
)

[POST 参数]	Array
(
)

---------------------------------------------

[2023-06-07 14:16:22.152107]	/login.php
[GET 参数]	Array
(
)

[POST 参数]	Array
(
)

---------------------------------------------

[2023-06-07 14:16:24.104219]	/index.php
[GET 参数]	Array
(
)

[POST 参数]	Array
(
)

---------------------------------------------

[2023-06-07 14:16:26.432211]	/search.php
[GET 参数]	Array
(
)

[POST 参数]	Array
(
)

---------------------------------------------

[2023-06-07 14:16:27.777765]	/search.php
[GET 参数]	Array
(
)

[POST 参数]	Array
(
    [content] => 111111
    [submitBtn] => 
)

---------------------------------------------

[2023-06-07 14:16:28.713497]	/login.php
[GET 参数]	Array
(
)

[POST 参数]	Array
(
)

---------------------------------------------

[2023-06-07 14:16:29.513439]	/index.php
[GET 参数]	Array
(
)

[POST 参数]	Array
(
)

---------------------------------------------

[2023-06-07 14:16:29.936542]	/reg.php
[GET 参数]	Array
(
)

[POST 参数]	Array
(
)

---------------------------------------------

[2023-06-07 14:16:30.702989]	/login.php
[GET 参数]	Array
(
)

[POST 参数]	Array
(
)

---------------------------------------------

[2023-06-07 14:16:31.406311]	/index.php
[GET 参数]	Array
(
)

[POST 参数]	Array
(
)

---------------------------------------------

[2023-06-07 14:16:32.203160]	/login.php
[GET 参数]	Array
(
)

[POST 参数]	Array
(
)

---------------------------------------------

[2023-06-07 14:16:32.847058]	/index.php
[GET 参数]	Array
(
)

[POST 参数]	Array
(
)

---------------------------------------------

[2023-06-07 14:16:38.023441]	/search.php
[GET 参数]	Array
(
)

[POST 参数]	Array
(
)

---------------------------------------------

[2023-06-07 14:16:40.963849]	/search.php
[GET 参数]	Array
(
)

[POST 参数]	Array
(
    [content] => <<<<<<<<<<<
    [submitBtn] => 
)

---------------------------------------------

[2023-06-07 14:16:48.416024]	/search.php
[GET 参数]	Array
(
)

[POST 参数]	Array
(
    [content] => 1111111111
    [submitBtn] => 
)

---------------------------------------------

[2023-06-07 14:16:52.592391]	/search.php
[GET 参数]	Array
(
)

[POST 参数]	Array
(
    [content] => 0
    [submitBtn] => 
)

---------------------------------------------

[2023-06-07 14:16:56.407053]	/search.php
[GET 参数]	Array
(
)

[POST 参数]	Array
(
    [content] => <<<<<<<<<<<
    [submitBtn] => 
)

---------------------------------------------

[2023-06-07 14:16:59.570310]	/search.php
[GET 参数]	Array
(
)

[POST 参数]	Array
(
    [content] => sc
    [submitBtn] => 
)

---------------------------------------------

