[2023-06-05 19:10:43.611664]	/?content=123123123&token2=bade95fd65018350b6f935f9e8e8d61219bf1241647a1b541cdde362a36ca052&submitBtn=
[GET 参数]	Array
(
    [content] => 123123123
    [token2] => bade95fd65018350b6f935f9e8e8d61219bf1241647a1b541cdde362a36ca052
    [submitBtn] => 
)

[POST 参数]	Array
(
)

---------------------------------------------

[2023-06-05 19:10:47.230075]	/?content=123123123&token2=bade95fd65018350b6f935f9e8e8d61219bf1241647a1b541cdde362a36ca052&submitBtn=
[GET 参数]	Array
(
    [content] => 123123123
    [token2] => bade95fd65018350b6f935f9e8e8d61219bf1241647a1b541cdde362a36ca052
    [submitBtn] => 
)

[POST 参数]	Array
(
)

---------------------------------------------

[2023-06-05 19:10:58.706526]	/?content=123123123&token2=bade95fd65018350b6f935f9e8e8d61219bf1241647a1b541cdde362a36ca052&submitBtn=
[GET 参数]	Array
(
    [content] => 123123123
    [token2] => bade95fd65018350b6f935f9e8e8d61219bf1241647a1b541cdde362a36ca052
    [submitBtn] => 
)

[POST 参数]	Array
(
)

---------------------------------------------

