[2023-06-10 16:32:14.566290]	/page.php?topic=1
[GET 参数]	Array
(
    [topic] => 1
)

[POST 参数]	Array
(
)

---------------------------------------------

[2023-06-10 16:32:34.700375]	/page.php?topic=1
[GET 参数]	Array
(
    [topic] => 1
)

[POST 参数]	Array
(
)

---------------------------------------------

[2023-06-10 16:32:39.538510]	/page.php?topic=1
[GET 参数]	Array
(
    [topic] => 1
)

[POST 参数]	Array
(
)

---------------------------------------------

[2023-06-10 16:32:44.119935]	/page.php?topic=1
[GET 参数]	Array
(
    [topic] => 1
)

[POST 参数]	Array
(
)

---------------------------------------------

