[2023-06-09 19:29:00.316787]	/page.php?topic=2
[GET 参数]	Array
(
    [topic] => 2
)

[POST 参数]	Array
(
)

---------------------------------------------

[2023-06-09 19:29:02.449083]	/page.php?page=2&topic=1
[GET 参数]	Array
(
    [page] => 2
    [topic] => 1
)

[POST 参数]	Array
(
)

---------------------------------------------

[2023-06-09 19:29:06.564423]	/page.php?topic=2
[GET 参数]	Array
(
    [topic] => 2
)

[POST 参数]	Array
(
)

---------------------------------------------

[2023-06-09 19:29:43.283793]	/page.php?topic=1
[GET 参数]	Array
(
    [topic] => 1
)

[POST 参数]	Array
(
)

---------------------------------------------

[2023-06-09 19:29:45.252877]	/page.php?page=2&topic=2
[GET 参数]	Array
(
    [page] => 2
    [topic] => 2
)

[POST 参数]	Array
(
)

---------------------------------------------

[2023-06-09 19:29:46.597273]	/page.php?page=1&topic=1
[GET 参数]	Array
(
    [page] => 1
    [topic] => 1
)

[POST 参数]	Array
(
)

---------------------------------------------

[2023-06-09 19:29:47.647702]	/page.php?topic=2
[GET 参数]	Array
(
    [topic] => 2
)

[POST 参数]	Array
(
)

---------------------------------------------

[2023-06-09 19:29:49.433861]	/page.php?page=2&topic=1
[GET 参数]	Array
(
    [page] => 2
    [topic] => 1
)

[POST 参数]	Array
(
)

---------------------------------------------

[2023-06-09 19:29:50.905334]	/page.php?page=3&topic=2
[GET 参数]	Array
(
    [page] => 3
    [topic] => 2
)

[POST 参数]	Array
(
)

---------------------------------------------

[2023-06-09 19:29:52.168395]	/page.php?page=2&topic=1
[GET 参数]	Array
(
    [page] => 2
    [topic] => 1
)

[POST 参数]	Array
(
)

---------------------------------------------

[2023-06-09 19:29:53.652969]	/page.php?page=4&topic=2
[GET 参数]	Array
(
    [page] => 4
    [topic] => 2
)

[POST 参数]	Array
(
)

---------------------------------------------

[2023-06-09 19:29:54.560392]	/page.php?page=1&topic=1
[GET 参数]	Array
(
    [page] => 1
    [topic] => 1
)

[POST 参数]	Array
(
)

---------------------------------------------

