[2023-06-09 14:26:02.526395]	/page.php?
[GET 参数]	Array
(
)

[POST 参数]	Array
(
)

---------------------------------------------

[2023-06-09 14:26:10.100404]	/page.php?page=3
[GET 参数]	Array
(
    [page] => 3
)

[POST 参数]	Array
(
)

---------------------------------------------

[2023-06-09 14:26:11.477357]	/page.php?page=2
[GET 参数]	Array
(
    [page] => 2
)

[POST 参数]	Array
(
)

---------------------------------------------

[2023-06-09 14:26:11.735709]	/page.php?page=1
[GET 参数]	Array
(
    [page] => 1
)

[POST 参数]	Array
(
)

---------------------------------------------

[2023-06-09 14:26:16.911247]	/
[GET 参数]	Array
(
)

[POST 参数]	Array
(
)

---------------------------------------------

[2023-06-09 14:26:19.697830]	/page.php?topic=1
[GET 参数]	Array
(
    [topic] => 1
)

[POST 参数]	Array
(
)

---------------------------------------------

[2023-06-09 14:26:21.832876]	/page.php?topic=2
[GET 参数]	Array
(
    [topic] => 2
)

[POST 参数]	Array
(
)

---------------------------------------------

[2023-06-09 14:26:23.708366]	/page.php?topic=3
[GET 参数]	Array
(
    [topic] => 3
)

[POST 参数]	Array
(
)

---------------------------------------------

[2023-06-09 14:26:25.782258]	/page.php?topic=1
[GET 参数]	Array
(
    [topic] => 1
)

[POST 参数]	Array
(
)

---------------------------------------------

[2023-06-09 14:26:26.179077]	/page.php?topic=2
[GET 参数]	Array
(
    [topic] => 2
)

[POST 参数]	Array
(
)

---------------------------------------------

[2023-06-09 14:26:26.473430]	/page.php?topic=3
[GET 参数]	Array
(
    [topic] => 3
)

[POST 参数]	Array
(
)

---------------------------------------------

[2023-06-09 14:26:28.092296]	/page.php?topic=1
[GET 参数]	Array
(
    [topic] => 1
)

[POST 参数]	Array
(
)

---------------------------------------------

[2023-06-09 14:26:28.372642]	/page.php?topic=2
[GET 参数]	Array
(
    [topic] => 2
)

[POST 参数]	Array
(
)

---------------------------------------------

[2023-06-09 14:26:28.788048]	/page.php?topic=3
[GET 参数]	Array
(
    [topic] => 3
)

[POST 参数]	Array
(
)

---------------------------------------------

[2023-06-09 14:26:29.851004]	/page.php?topic=1
[GET 参数]	Array
(
    [topic] => 1
)

[POST 参数]	Array
(
)

---------------------------------------------

[2023-06-09 14:26:32.632425]	/page.php?topic=1
[GET 参数]	Array
(
    [topic] => 1
)

[POST 参数]	Array
(
)

---------------------------------------------

[2023-06-09 14:26:33.776491]	/page.php?topic=2
[GET 参数]	Array
(
    [topic] => 2
)

[POST 参数]	Array
(
)

---------------------------------------------

[2023-06-09 14:26:34.031451]	/page.php?topic=1
[GET 参数]	Array
(
    [topic] => 1
)

[POST 参数]	Array
(
)

---------------------------------------------

[2023-06-09 14:26:34.292476]	/page.php?topic=3
[GET 参数]	Array
(
    [topic] => 3
)

[POST 参数]	Array
(
)

---------------------------------------------

[2023-06-09 14:26:34.568688]	/page.php?topic=2
[GET 参数]	Array
(
    [topic] => 2
)

[POST 参数]	Array
(
)

---------------------------------------------

[2023-06-09 14:26:34.792134]	/page.php?topic=1
[GET 参数]	Array
(
    [topic] => 1
)

[POST 参数]	Array
(
)

---------------------------------------------

[2023-06-09 14:26:35.736978]	/search.php
[GET 参数]	Array
(
)

[POST 参数]	Array
(
)

---------------------------------------------

[2023-06-09 14:26:37.364034]	/search.php
[GET 参数]	Array
(
)

[POST 参数]	Array
(
    [content] => 11
    [submitBtn] => 
)

---------------------------------------------

