[2023-06-15 14:47:05.378089]	/page.php?topic=2
[GET 参数]	Array
(
    [topic] => 2
)

[POST 参数]	Array
(
)

---------------------------------------------

[2023-06-15 14:47:05.989783]	/page.php?topic=1
[GET 参数]	Array
(
    [topic] => 1
)

[POST 参数]	Array
(
)

---------------------------------------------

[2023-06-15 14:47:06.311208]	/page.php?topic=14
[GET 参数]	Array
(
    [topic] => 14
)

[POST 参数]	Array
(
)

---------------------------------------------

[2023-06-15 14:47:07.054033]	/page.php?topic=1
[GET 参数]	Array
(
    [topic] => 1
)

[POST 参数]	Array
(
)

---------------------------------------------

