[2023-06-09 19:02:35.207475]	/
[GET 参数]	Array
(
)

[POST 参数]	Array
(
)

---------------------------------------------

[2023-06-09 19:02:36.574828]	/search.php
[GET 参数]	Array
(
)

[POST 参数]	Array
(
)

---------------------------------------------

[2023-06-09 19:02:38.613925]	/
[GET 参数]	Array
(
)

[POST 参数]	Array
(
)

---------------------------------------------

[2023-06-09 19:02:39.440606]	/page.php?topic=1
[GET 参数]	Array
(
    [topic] => 1
)

[POST 参数]	Array
(
)

---------------------------------------------

[2023-06-09 19:02:47.155100]	/page.php?page=2&topic=&para=
[GET 参数]	Array
(
    [page] => 2
    [topic] => 
    [para] => 
)

[POST 参数]	Array
(
)

---------------------------------------------

[2023-06-09 19:02:48.237725]	/page.php?page=3&topic=1&para=
[GET 参数]	Array
(
    [page] => 3
    [topic] => 1
    [para] => 
)

[POST 参数]	Array
(
)

---------------------------------------------

[2023-06-09 19:02:54.369937]	/page.php?page=2&topic=&para=
[GET 参数]	Array
(
    [page] => 2
    [topic] => 
    [para] => 
)

[POST 参数]	Array
(
)

---------------------------------------------

[2023-06-09 19:02:56.714156]	/page.php?page=4&topic=1&para=
[GET 参数]	Array
(
    [page] => 4
    [topic] => 1
    [para] => 
)

[POST 参数]	Array
(
)

---------------------------------------------

