[2023-06-09 08:59:34.258636]	/index.php?page=2
[GET 参数]	Array
(
    [page] => 2
)

[POST 参数]	Array
(
)

---------------------------------------------

[2023-06-09 08:59:35.486708]	/index.php?page=3
[GET 参数]	Array
(
    [page] => 3
)

[POST 参数]	Array
(
)

---------------------------------------------

[2023-06-09 08:59:36.486095]	/index.php?page=4
[GET 参数]	Array
(
    [page] => 4
)

[POST 参数]	Array
(
)

---------------------------------------------

[2023-06-09 08:59:38.147622]	/index.php?page=5
[GET 参数]	Array
(
    [page] => 5
)

[POST 参数]	Array
(
)

---------------------------------------------

