[2023-06-06 10:35:11.657484]	/
[GET 参数]	Array
(
)

[POST 参数]	Array
(
)

---------------------------------------------

[2023-06-06 10:35:14.814521]	/?XZsa=2934%20AND%201%3D1%20UNION%20ALL%20SELECT%201%2CNULL%2C%27%3Cscript%3Ealert%28%22XSS%22%29%3C%2Fscript%3E%27%2Ctable_name%20FROM%20information_schema.tables%20WHERE%202%3E1--%2F%2A%2A%2F%3B%20EXEC%20xp_cmdshell%28%27cat%20..%2F..%2F..%2Fetc%2Fpasswd%27%29%23
[GET 参数]	Array
(
    [XZsa] => 2934 AND 1=1 UNION ALL SELECT 1,NULL,'<script>alert("XSS")</script>',table_name FROM information_schema.tables WHERE 2>1--/**/; EXEC xp_cmdshell('cat ../../../etc/passwd')#
)

[POST 参数]	Array
(
)

---------------------------------------------

[2023-06-06 10:35:14.952026]	/
[GET 参数]	Array
(
)

[POST 参数]	Array
(
)

---------------------------------------------

