[2023-06-09 16:09:00.475810]	/page.php?topic=3
[GET 参数]	Array
(
    [topic] => 3
)

[POST 参数]	Array
(
)

---------------------------------------------

[2023-06-09 16:09:01.569587]	/page.php?page=2&topic=1&para=
[GET 参数]	Array
(
    [page] => 2
    [topic] => 1
    [para] => 
)

[POST 参数]	Array
(
)

---------------------------------------------

[2023-06-09 16:09:04.272772]	/page.php?topic=3
[GET 参数]	Array
(
    [topic] => 3
)

[POST 参数]	Array
(
)

---------------------------------------------

[2023-06-09 16:09:06.965114]	/page.php?topic=1
[GET 参数]	Array
(
    [topic] => 1
)

[POST 参数]	Array
(
)

---------------------------------------------

[2023-06-09 16:09:07.662648]	/page.php?topic=3
[GET 参数]	Array
(
    [topic] => 3
)

[POST 参数]	Array
(
)

---------------------------------------------

[2023-06-09 16:09:08.789580]	/page.php?page=2&topic=1&para=
[GET 参数]	Array
(
    [page] => 2
    [topic] => 1
    [para] => 
)

[POST 参数]	Array
(
)

---------------------------------------------

[2023-06-09 16:09:14.857847]	/page.php?page=1&topic=3&para=
[GET 参数]	Array
(
    [page] => 1
    [topic] => 3
    [para] => 
)

[POST 参数]	Array
(
)

---------------------------------------------

[2023-06-09 16:09:34.194646]	/page.php?page=3&topic=1&para=
[GET 参数]	Array
(
    [page] => 3
    [topic] => 1
    [para] => 
)

[POST 参数]	Array
(
)

---------------------------------------------

[2023-06-09 16:09:40.238984]	/page.php?page=3&topic=3&para=
[GET 参数]	Array
(
    [page] => 3
    [topic] => 3
    [para] => 
)

[POST 参数]	Array
(
)

---------------------------------------------

[2023-06-09 16:09:41.456567]	/page.php?topic=3
[GET 参数]	Array
(
    [topic] => 3
)

[POST 参数]	Array
(
)

---------------------------------------------

[2023-06-09 16:09:57.144402]	/page.php?page=3&topic=3&para=
[GET 参数]	Array
(
    [page] => 3
    [topic] => 3
    [para] => 
)

[POST 参数]	Array
(
)

---------------------------------------------

[2023-06-09 16:09:58.419008]	/page.php?page=1&topic=3&para=
[GET 参数]	Array
(
    [page] => 1
    [topic] => 3
    [para] => 
)

[POST 参数]	Array
(
)

---------------------------------------------

