[2023-06-07 14:45:11.601037]	/search.php
[GET 参数]	Array
(
)

[POST 参数]	Array
(
)

---------------------------------------------

[2023-06-07 14:45:13.187763]	/search.php
[GET 参数]	Array
(
)

[POST 参数]	Array
(
    [content] => -1' or '1=1
    [submitBtn] => 
)

---------------------------------------------

[2023-06-07 14:45:37.352705]	/
[GET 参数]	Array
(
)

[POST 参数]	Array
(
)

---------------------------------------------

[2023-06-07 14:45:49.173055]	/index.php
[GET 参数]	Array
(
)

[POST 参数]	Array
(
)

---------------------------------------------

