[2023-06-14 20:34:09.738943]	/login.php?action=login
[GET 参数]	Array
(
    [action] => login
)

[POST 参数]	Array
(
    [account] => rootroot1@qq.com
    [password] => rootroot11
)

---------------------------------------------

[2023-06-14 20:34:10.198275]	/login.php?action=login
[GET 参数]	Array
(
    [action] => login
)

[POST 参数]	Array
(
    [account] => rootroot1@qq.com
    [password] => rootroot11
)

---------------------------------------------

[2023-06-14 20:34:10.594842]	/login.php?action=login
[GET 参数]	Array
(
    [action] => login
)

[POST 参数]	Array
(
    [account] => rootroot1@qq.com
    [password] => rootroot11
)

---------------------------------------------

[2023-06-14 20:34:10.762295]	/login.php?action=login
[GET 参数]	Array
(
    [action] => login
)

[POST 参数]	Array
(
    [account] => rootroot1@qq.com
    [password] => rootroot11
)

---------------------------------------------

[2023-06-14 20:34:10.918615]	/login.php?action=login
[GET 参数]	Array
(
    [action] => login
)

[POST 参数]	Array
(
    [account] => rootroot1@qq.com
    [password] => rootroot11
)

---------------------------------------------

[2023-06-14 20:34:11.075297]	/login.php?action=login
[GET 参数]	Array
(
    [action] => login
)

[POST 参数]	Array
(
    [account] => rootroot1@qq.com
    [password] => rootroot11
)

---------------------------------------------

[2023-06-14 20:34:11.263744]	/login.php?action=login
[GET 参数]	Array
(
    [action] => login
)

[POST 参数]	Array
(
    [account] => rootroot1@qq.com
    [password] => rootroot11
)

---------------------------------------------

[2023-06-14 20:34:11.686384]	/login.php?action=login
[GET 参数]	Array
(
    [action] => login
)

[POST 参数]	Array
(
    [account] => rootroot1@qq.com
    [password] => rootroot11
)

---------------------------------------------

[2023-06-14 20:34:11.845275]	/login.php?action=login
[GET 参数]	Array
(
    [action] => login
)

[POST 参数]	Array
(
    [account] => rootroot1@qq.com
    [password] => rootroot11
)

---------------------------------------------

[2023-06-14 20:34:12.002876]	/login.php?action=login
[GET 参数]	Array
(
    [action] => login
)

[POST 参数]	Array
(
    [account] => rootroot1@qq.com
    [password] => rootroot11
)

---------------------------------------------

[2023-06-14 20:34:20.590251]	/login.php
[GET 参数]	Array
(
)

[POST 参数]	Array
(
)

---------------------------------------------

[2023-06-14 20:34:23.168815]	/login.php?action=login
[GET 参数]	Array
(
    [action] => login
)

[POST 参数]	Array
(
    [account] => 23114158733@qq.com
    [password] => rootroot12311
)

---------------------------------------------

[2023-06-14 20:34:23.386028]	/login.php?action=login
[GET 参数]	Array
(
    [action] => login
)

[POST 参数]	Array
(
    [account] => 23114158733@qq.com
    [password] => rootroot12311
)

---------------------------------------------

[2023-06-14 20:34:23.630581]	/login.php?action=login
[GET 参数]	Array
(
    [action] => login
)

[POST 参数]	Array
(
    [account] => 23114158733@qq.com
    [password] => rootroot12311
)

---------------------------------------------

[2023-06-14 20:34:23.799166]	/login.php?action=login
[GET 参数]	Array
(
    [action] => login
)

[POST 参数]	Array
(
    [account] => 23114158733@qq.com
    [password] => rootroot12311
)

---------------------------------------------

[2023-06-14 20:34:23.965967]	/login.php?action=login
[GET 参数]	Array
(
    [action] => login
)

[POST 参数]	Array
(
    [account] => 23114158733@qq.com
    [password] => rootroot12311
)

---------------------------------------------

[2023-06-14 20:34:42.439575]	/login.php?action=login
[GET 参数]	Array
(
    [action] => login
)

[POST 参数]	Array
(
    [account] => rootroot1@qq.com
    [password] => rootroot1
)

---------------------------------------------

[2023-06-14 20:34:49.643594]	/login.php
[GET 参数]	Array
(
)

[POST 参数]	Array
(
)

---------------------------------------------

[2023-06-14 20:34:51.400625]	/login.php?action=login
[GET 参数]	Array
(
    [action] => login
)

[POST 参数]	Array
(
    [account] => rootroot1@qq.com
    [password] => rootroot1
)

---------------------------------------------

[2023-06-14 20:34:53.257352]	/index.php
[GET 参数]	Array
(
)

[POST 参数]	Array
(
)

---------------------------------------------

