[2023-06-15 16:45:00.257327]	/page.php?topic=3
[GET 参数]	Array
(
    [topic] => 3
)

[POST 参数]	Array
(
)

---------------------------------------------

[2023-06-15 16:45:01.587243]	/page.php?topic=2
[GET 参数]	Array
(
    [topic] => 2
)

[POST 参数]	Array
(
)

---------------------------------------------

[2023-06-15 16:45:01.977530]	/page.php?topic=1
[GET 参数]	Array
(
    [topic] => 1
)

[POST 参数]	Array
(
)

---------------------------------------------

[2023-06-15 16:45:03.012592]	/page.php?topic=14
[GET 参数]	Array
(
    [topic] => 14
)

[POST 参数]	Array
(
)

---------------------------------------------

[2023-06-15 16:45:03.855145]	/likes_page.php?topic=&action=likes
[GET 参数]	Array
(
    [topic] => 
    [action] => likes
)

[POST 参数]	Array
(
)

---------------------------------------------

