[2023-06-05 19:17:14.034908]	/index.php
[GET 参数]	Array
(
)

[POST 参数]	Array
(
)

---------------------------------------------

[2023-06-05 19:17:19.795883]	/index.php
[GET 参数]	Array
(
)

[POST 参数]	Array
(
)

---------------------------------------------

[2023-06-05 19:17:20.076954]	/index.php
[GET 参数]	Array
(
)

[POST 参数]	Array
(
)

---------------------------------------------

[2023-06-05 19:17:23.420172]	/index.php
[GET 参数]	Array
(
)

[POST 参数]	Array
(
)

---------------------------------------------

[2023-06-05 19:17:36.296825]	/edit.php?cid=10114
[GET 参数]	Array
(
    [cid] => 10114
)

[POST 参数]	Array
(
)

---------------------------------------------

[2023-06-05 19:17:37.409295]	/index.php
[GET 参数]	Array
(
)

[POST 参数]	Array
(
)

---------------------------------------------

