[2023-06-10 12:05:16.859514]	/page.php?page=2&topic=1&para=
[GET 参数]	Array
(
    [page] => 2
    [topic] => 1
    [para] => 
)

[POST 参数]	Array
(
)

---------------------------------------------

[2023-06-10 12:05:27.892996]	/page.php?page=2&topic=1&para=
[GET 参数]	Array
(
    [page] => 2
    [topic] => 1
    [para] => 
)

[POST 参数]	Array
(
)

---------------------------------------------

[2023-06-10 12:05:53.960031]	/page.php?page=2&topic=1&para=
[GET 参数]	Array
(
    [page] => 2
    [topic] => 1
    [para] => 
)

[POST 参数]	Array
(
)

---------------------------------------------

[2023-06-10 12:05:57.200913]	/page.php?page=2&topic=1&para=
[GET 参数]	Array
(
    [page] => 2
    [topic] => 1
    [para] => 
)

[POST 参数]	Array
(
)

---------------------------------------------

