[2023-06-15 16:44:56.661373]	/page.php?topic=3
[GET 参数]	Array
(
    [topic] => 3
)

[POST 参数]	Array
(
)

---------------------------------------------

[2023-06-15 16:44:57.838822]	/page.php?topic=3
[GET 参数]	Array
(
    [topic] => 3
)

[POST 参数]	Array
(
)

---------------------------------------------

[2023-06-15 16:44:58.179998]	/page.php?topic=3
[GET 参数]	Array
(
    [topic] => 3
)

[POST 参数]	Array
(
)

---------------------------------------------

[2023-06-15 16:44:58.966887]	/likes_page.php?topic=&action=likes
[GET 参数]	Array
(
    [topic] => 
    [action] => likes
)

[POST 参数]	Array
(
)

---------------------------------------------

