[2023-06-06 10:31:36.474717]	/
[GET 参数]	Array
(
)

[POST 参数]	Array
(
)

---------------------------------------------

[2023-06-06 10:31:41.341572]	/search.php
[GET 参数]	Array
(
)

[POST 参数]	Array
(
)

---------------------------------------------

[2023-06-06 10:31:43.054745]	/search.php
[GET 参数]	Array
(
)

[POST 参数]	Array
(
    [content] => 1111111
    [submitBtn] => 
)

---------------------------------------------

[2023-06-06 10:31:48.471921]	/login.php
[GET 参数]	Array
(
)

[POST 参数]	Array
(
)

---------------------------------------------

[2023-06-06 10:31:50.712165]	/login.php?action=login
[GET 参数]	Array
(
    [action] => login
)

[POST 参数]	Array
(
    [account] => rootroot1@qq.com
    [password] => rootroot1
)

---------------------------------------------

[2023-06-06 10:31:52.561746]	/index.php
[GET 参数]	Array
(
)

[POST 参数]	Array
(
)

---------------------------------------------

