[2023-06-10 17:22:37.296507]	/page.php?topic=1
[GET 参数]	Array
(
    [topic] => 1
)

[POST 参数]	Array
(
)

---------------------------------------------

[2023-06-10 17:22:40.933141]	/page.php?topic=1
[GET 参数]	Array
(
    [topic] => 1
)

[POST 参数]	Array
(
)

---------------------------------------------

[2023-06-10 17:22:42.824688]	/page.php?page=3&topic=1&para=
[GET 参数]	Array
(
    [page] => 3
    [topic] => 1
    [para] => 
)

[POST 参数]	Array
(
)

---------------------------------------------

[2023-06-10 17:22:45.847089]	/page.php?page=3&topic=1&para=
[GET 参数]	Array
(
    [page] => 3
    [topic] => 1
    [para] => 
)

[POST 参数]	Array
(
)

---------------------------------------------

[2023-06-10 17:22:48.508702]	/
[GET 参数]	Array
(
)

[POST 参数]	Array
(
)

---------------------------------------------

[2023-06-10 17:22:51.421555]	/index.php
[GET 参数]	Array
(
)

[POST 参数]	Array
(
)

---------------------------------------------

