[2023-06-10 18:24:03.637687]	/index.php
[GET 参数]	Array
(
)

[POST 参数]	Array
(
)

---------------------------------------------

[2023-06-10 18:24:08.888874]	/page.php?topic=9
[GET 参数]	Array
(
    [topic] => 9
)

[POST 参数]	Array
(
)

---------------------------------------------

[2023-06-10 18:24:10.126722]	/page.php?topic=9
[GET 参数]	Array
(
    [topic] => 9
)

[POST 参数]	Array
(
)

---------------------------------------------

[2023-06-10 18:24:10.875120]	/index.php
[GET 参数]	Array
(
)

[POST 参数]	Array
(
)

---------------------------------------------

[2023-06-10 18:24:51.248700]	/index.php
[GET 参数]	Array
(
)

[POST 参数]	Array
(
)

---------------------------------------------

[2023-06-10 18:24:51.806011]	/login.php
[GET 参数]	Array
(
)

[POST 参数]	Array
(
)

---------------------------------------------

[2023-06-10 18:24:54.176002]	/login.php?action=login
[GET 参数]	Array
(
    [action] => login
)

[POST 参数]	Array
(
    [account] => 2311415873@qq.com
    [password] => rootroot123
)

---------------------------------------------

[2023-06-10 18:24:56.032069]	/index.php
[GET 参数]	Array
(
)

[POST 参数]	Array
(
)

---------------------------------------------

