[2023-06-10 19:19:01.605092]	/index.php
[GET 参数]	Array
(
)

[POST 参数]	Array
(
)

---------------------------------------------

[2023-06-10 19:19:03.752083]	/page.php?topic=12
[GET 参数]	Array
(
    [topic] => 12
)

[POST 参数]	Array
(
)

---------------------------------------------

[2023-06-10 19:19:06.726826]	/page.php?topic=12
[GET 参数]	Array
(
    [topic] => 12
)

[POST 参数]	Array
(
)

---------------------------------------------

[2023-06-10 19:19:46.496152]	/
[GET 参数]	Array
(
)

[POST 参数]	Array
(
)

---------------------------------------------

[2023-06-10 19:19:48.926284]	/index.php
[GET 参数]	Array
(
)

[POST 参数]	Array
(
)

---------------------------------------------

[2023-06-10 19:19:49.496660]	/page.php?topic=13
[GET 参数]	Array
(
    [topic] => 13
)

[POST 参数]	Array
(
)

---------------------------------------------

[2023-06-10 19:19:53.136707]	/page.php?topic=13
[GET 参数]	Array
(
    [topic] => 13
)

[POST 参数]	Array
(
)

---------------------------------------------

