[2023-06-06 11:41:06.076896]	/reg.php
[GET 参数]	Array
(
)

[POST 参数]	Array
(
)

---------------------------------------------

[2023-06-06 11:41:27.600668]	/reg.php?action=reg
[GET 参数]	Array
(
    [action] => reg
)

[POST 参数]	Array
(
    [nickname] => rootroot7
    [password] => rootroot7
    [email] => rootroot7@qq.com
    [qq] => 33333333333
    [sex] => 1
)

---------------------------------------------

[2023-06-06 11:41:29.422590]	/login.php
[GET 参数]	Array
(
)

[POST 参数]	Array
(
)

---------------------------------------------

