[2023-06-10 12:02:01.657063]	/page.php?topic=1
[GET 参数]	Array
(
    [topic] => 1
)

[POST 参数]	Array
(
)

---------------------------------------------

[2023-06-10 12:02:05.595829]	/page.php?topic=1
[GET 参数]	Array
(
    [topic] => 1
)

[POST 参数]	Array
(
)

---------------------------------------------

[2023-06-10 12:02:38.507685]	/page.php?topic=1
[GET 参数]	Array
(
    [topic] => 1
)

[POST 参数]	Array
(
)

---------------------------------------------

[2023-06-10 12:02:41.171519]	/page.php?page=3&topic=1&para=
[GET 参数]	Array
(
    [page] => 3
    [topic] => 1
    [para] => 
)

[POST 参数]	Array
(
)

---------------------------------------------

[2023-06-10 12:02:48.043535]	/page.php?page=1&topic=1&para=
[GET 参数]	Array
(
    [page] => 1
    [topic] => 1
    [para] => 
)

[POST 参数]	Array
(
)

---------------------------------------------

[2023-06-10 12:02:58.308897]	/page.php?page=1&topic=1&para=
[GET 参数]	Array
(
    [page] => 1
    [topic] => 1
    [para] => 
)

[POST 参数]	Array
(
)

---------------------------------------------

