[2023-06-05 18:44:11.169438]	/?content=111111111&token2=72bbb49a294d6c867addba55b323fb9e92c85ac632be9cf8a982a1f036cf3d8d&submitBtn=
[GET 参数]	Array
(
    [content] => 111111111
    [token2] => 72bbb49a294d6c867addba55b323fb9e92c85ac632be9cf8a982a1f036cf3d8d
    [submitBtn] => 
)

[POST 参数]	Array
(
)

---------------------------------------------

[2023-06-05 18:44:12.302342]	/?content=111111111&token2=72bbb49a294d6c867addba55b323fb9e92c85ac632be9cf8a982a1f036cf3d8d&submitBtn=
[GET 参数]	Array
(
    [content] => 111111111
    [token2] => 72bbb49a294d6c867addba55b323fb9e92c85ac632be9cf8a982a1f036cf3d8d
    [submitBtn] => 
)

[POST 参数]	Array
(
)

---------------------------------------------

[2023-06-05 18:44:56.542617]	/?content=111111111&token2=72bbb49a294d6c867addba55b323fb9e92c85ac632be9cf8a982a1f036cf3d8d&submitBtn=
[GET 参数]	Array
(
    [content] => 111111111
    [token2] => 72bbb49a294d6c867addba55b323fb9e92c85ac632be9cf8a982a1f036cf3d8d
    [submitBtn] => 
)

[POST 参数]	Array
(
)

---------------------------------------------

[2023-06-05 18:44:57.050333]	/?content=111111111&token2=72bbb49a294d6c867addba55b323fb9e92c85ac632be9cf8a982a1f036cf3d8d&submitBtn=
[GET 参数]	Array
(
    [content] => 111111111
    [token2] => 72bbb49a294d6c867addba55b323fb9e92c85ac632be9cf8a982a1f036cf3d8d
    [submitBtn] => 
)

[POST 参数]	Array
(
)

---------------------------------------------

