[2023-06-09 10:35:42.483422]	/index.php
[GET 参数]	Array
(
)

[POST 参数]	Array
(
)

---------------------------------------------

[2023-06-09 10:35:48.166220]	/index.php
[GET 参数]	Array
(
)

[POST 参数]	Array
(
)

---------------------------------------------

[2023-06-09 10:35:49.573370]	/search.php
[GET 参数]	Array
(
)

[POST 参数]	Array
(
)

---------------------------------------------

[2023-06-09 10:35:50.936223]	/search.php
[GET 参数]	Array
(
)

[POST 参数]	Array
(
    [content] => 222222222
    [submitBtn] => 
)

---------------------------------------------

[2023-06-09 10:35:52.411609]	/search.php
[GET 参数]	Array
(
)

[POST 参数]	Array
(
    [content] => 1
    [submitBtn] => 
)

---------------------------------------------

[2023-06-09 10:35:59.252752]	/
[GET 参数]	Array
(
)

[POST 参数]	Array
(
)

---------------------------------------------

