[2023-06-07 11:42:01.972823]	/?page=4
[GET 参数]	Array
(
    [page] => 4
)

[POST 参数]	Array
(
)

---------------------------------------------

[2023-06-07 11:42:03.252559]	/?page=5
[GET 参数]	Array
(
    [page] => 5
)

[POST 参数]	Array
(
)

---------------------------------------------

[2023-06-07 11:42:05.104037]	/?page=4
[GET 参数]	Array
(
    [page] => 4
)

[POST 参数]	Array
(
)

---------------------------------------------

[2023-06-07 11:42:06.771452]	/login.php
[GET 参数]	Array
(
)

[POST 参数]	Array
(
)

---------------------------------------------

[2023-06-07 11:42:09.120549]	/login.php?action=login
[GET 参数]	Array
(
    [action] => login
)

[POST 参数]	Array
(
    [account] => 2311415873@qq.com
    [password] => rootroot123
)

---------------------------------------------

[2023-06-07 11:42:10.970163]	/index.php
[GET 参数]	Array
(
)

[POST 参数]	Array
(
)

---------------------------------------------

