[2023-06-09 18:20:05.990989]	/page.php?content=++++++++1111111111111&submitBtn=
[GET 参数]	Array
(
    [content] =>         1111111111111
    [submitBtn] => 
)

[POST 参数]	Array
(
)

---------------------------------------------

[2023-06-09 18:20:19.304840]	/page.php?content=++++++++1111111111111&submitBtn=
[GET 参数]	Array
(
    [content] =>         1111111111111
    [submitBtn] => 
)

[POST 参数]	Array
(
)

---------------------------------------------

[2023-06-09 18:20:20.511621]	/page.php?content=++++++++111111111111&submitBtn=
[GET 参数]	Array
(
    [content] =>         111111111111
    [submitBtn] => 
)

[POST 参数]	Array
(
)

---------------------------------------------

[2023-06-09 18:20:23.458920]	/page.php?topic=1
[GET 参数]	Array
(
    [topic] => 1
)

[POST 参数]	Array
(
)

---------------------------------------------

[2023-06-09 18:20:25.114213]	/page.php?content=++++++++2222222&submitBtn=
[GET 参数]	Array
(
    [content] =>         2222222
    [submitBtn] => 
)

[POST 参数]	Array
(
)

---------------------------------------------

[2023-06-09 18:20:30.074829]	/page.php?content=33333333333&submitBtn=
[GET 参数]	Array
(
    [content] => 33333333333
    [submitBtn] => 
)

[POST 参数]	Array
(
)

---------------------------------------------

[2023-06-09 18:20:39.018728]	/page.php?topic=3
[GET 参数]	Array
(
    [topic] => 3
)

[POST 参数]	Array
(
)

---------------------------------------------

[2023-06-09 18:20:42.132729]	/page.php?topic=3
[GET 参数]	Array
(
    [topic] => 3
)

[POST 参数]	Array
(
)

---------------------------------------------

[2023-06-09 18:20:48.514370]	/page.php?topic=3
[GET 参数]	Array
(
    [topic] => 3
)

[POST 参数]	Array
(
)

---------------------------------------------

[2023-06-09 18:20:54.501984]	/page.php?topic=1
[GET 参数]	Array
(
    [topic] => 1
)

[POST 参数]	Array
(
)

---------------------------------------------

[2023-06-09 18:20:54.915435]	/page.php?topic=1
[GET 参数]	Array
(
    [topic] => 1
)

[POST 参数]	Array
(
)

---------------------------------------------

[2023-06-09 18:20:55.279186]	/page.php?topic=1
[GET 参数]	Array
(
    [topic] => 1
)

[POST 参数]	Array
(
)

---------------------------------------------

[2023-06-09 18:20:58.652569]	/page.php?topic=1
[GET 参数]	Array
(
    [topic] => 1
)

[POST 参数]	Array
(
)

---------------------------------------------

