[2022-12-23 18:31:48.782684]	/
[GET 参数]	Array
(
)

[POST 参数]	Array
(
)

---------------------------------------------

[2022-12-23 18:31:49.742771]	/login.php
[GET 参数]	Array
(
)

[POST 参数]	Array
(
)

---------------------------------------------

[2022-12-23 18:31:50.637379]	/login.php?action=login
[GET 参数]	Array
(
    [action] => login
)

[POST 参数]	Array
(
    [account] => 2311415873@qq.com
    [password] => rootroot123
)

---------------------------------------------

[2022-12-23 18:31:52.469238]	/index.php
[GET 参数]	Array
(
)

[POST 参数]	Array
(
)

---------------------------------------------

[2022-12-23 18:31:53.570317]	/search.php
[GET 参数]	Array
(
)

[POST 参数]	Array
(
)

---------------------------------------------

[2022-12-23 18:31:54.307426]	/
[GET 参数]	Array
(
)

[POST 参数]	Array
(
)

---------------------------------------------

