[2022-12-23 12:00:08.220753]	/index.php
[GET 参数]	Array
(
)

[POST 参数]	Array
(
)

---------------------------------------------

[2022-12-23 12:00:16.017361]	/index.php?page=2
[GET 参数]	Array
(
    [page] => 2
)

[POST 参数]	Array
(
)

---------------------------------------------

[2022-12-23 12:00:17.865478]	/index.php?page=3
[GET 参数]	Array
(
    [page] => 3
)

[POST 参数]	Array
(
)

---------------------------------------------

[2022-12-23 12:00:19.293923]	/index.php?page=2
[GET 参数]	Array
(
    [page] => 2
)

[POST 参数]	Array
(
)

---------------------------------------------

