[2022-12-23 11:59:01.675598]	/login.php?action=login
[GET 参数]	Array
(
    [action] => login
)

[POST 参数]	Array
(
    [account] => rootroot3@qq.com
    [password] => rootroot3
)

---------------------------------------------

[2022-12-23 11:59:03.520520]	/index.php
[GET 参数]	Array
(
)

[POST 参数]	Array
(
)

---------------------------------------------

[2022-12-23 11:59:13.874746]	/
[GET 参数]	Array
(
)

[POST 参数]	Array
(
)

---------------------------------------------

[2022-12-23 11:59:16.941694]	/index.php
[GET 参数]	Array
(
)

[POST 参数]	Array
(
)

---------------------------------------------

[2022-12-23 11:59:17.697160]	/login.php
[GET 参数]	Array
(
)

[POST 参数]	Array
(
)

---------------------------------------------

[2022-12-23 11:59:18.918098]	/login.php?action=login
[GET 参数]	Array
(
    [action] => login
)

[POST 参数]	Array
(
    [account] => 2311415873@qq.com
    [password] => rootroot123
)

---------------------------------------------

[2022-12-23 11:59:20.756003]	/index.php
[GET 参数]	Array
(
)

[POST 参数]	Array
(
)

---------------------------------------------

[2022-12-23 11:59:25.323898]	/index.php?page=2
[GET 参数]	Array
(
    [page] => 2
)

[POST 参数]	Array
(
)

---------------------------------------------

[2022-12-23 11:59:27.241752]	/index.php?page=3
[GET 参数]	Array
(
    [page] => 3
)

[POST 参数]	Array
(
)

---------------------------------------------

[2022-12-23 11:59:28.531568]	/index.php?page=2
[GET 参数]	Array
(
    [page] => 2
)

[POST 参数]	Array
(
)

---------------------------------------------

[2022-12-23 11:59:30.718006]	/index.php?page=1
[GET 参数]	Array
(
    [page] => 1
)

[POST 参数]	Array
(
)

---------------------------------------------

[2022-12-23 11:59:38.915884]	/search.php
[GET 参数]	Array
(
)

[POST 参数]	Array
(
)

---------------------------------------------

[2022-12-23 11:59:40.043025]	/search.php
[GET 参数]	Array
(
)

[POST 参数]	Array
(
    [content] => 123
    [submitBtn] => 
)

---------------------------------------------

[2022-12-23 11:59:52.617341]	/search.php
[GET 参数]	Array
(
)

[POST 参数]	Array
(
    [content] => 大漠孤
    [submitBtn] => 
)

---------------------------------------------

