[2022-12-23 11:56:01.770362]	/
[GET 参数]	Array
(
)

[POST 参数]	Array
(
)

---------------------------------------------

[2022-12-23 11:56:07.412417]	/edit.php?cid=10060
[GET 参数]	Array
(
    [cid] => 10060
)

[POST 参数]	Array
(
)

---------------------------------------------

[2022-12-23 11:56:10.284654]	/edit.php?cid=10060&do=update
[GET 参数]	Array
(
    [cid] => 10060
    [do] => update
)

[POST 参数]	Array
(
    [content] => 11111111111111
    [submitBtn] => 
)

---------------------------------------------

[2022-12-23 11:56:13.577179]	/edit.php?cid=10060&do=update
[GET 参数]	Array
(
    [cid] => 10060
    [do] => update
)

[POST 参数]	Array
(
    [content] => 11111111111111
    [submitBtn] => 
)

---------------------------------------------

[2022-12-23 11:56:17.446539]	/edit.php?cid=10060&do=update
[GET 参数]	Array
(
    [cid] => 10060
    [do] => update
)

[POST 参数]	Array
(
    [content] => 11111111111111
    [submitBtn] => 
)

---------------------------------------------

[2022-12-23 11:56:18.459487]	/index.php
[GET 参数]	Array
(
)

[POST 参数]	Array
(
)

---------------------------------------------

[2022-12-23 11:56:24.543395]	/index.php?page=2
[GET 参数]	Array
(
    [page] => 2
)

[POST 参数]	Array
(
)

---------------------------------------------

[2022-12-23 11:56:26.421303]	/index.php?page=1
[GET 参数]	Array
(
    [page] => 1
)

[POST 参数]	Array
(
)

---------------------------------------------

