[2022-12-23 14:31:14.855605]	/index.php?page=2
[GET 参数]	Array
(
    [page] => 2
)

[POST 参数]	Array
(
)

---------------------------------------------

[2022-12-23 14:31:21.458061]	/index.php?page=2
[GET 参数]	Array
(
    [page] => 2
)

[POST 参数]	Array
(
)

---------------------------------------------

[2022-12-23 14:31:26.232692]	/index.php?page=2
[GET 参数]	Array
(
    [page] => 2
)

[POST 参数]	Array
(
)

---------------------------------------------

[2022-12-23 14:31:34.078638]	/index.php?page=2
[GET 参数]	Array
(
    [page] => 2
)

[POST 参数]	Array
(
)

---------------------------------------------

[2022-12-23 14:31:43.072024]	/index.php
[GET 参数]	Array
(
)

[POST 参数]	Array
(
)

---------------------------------------------

[2022-12-23 14:31:46.108978]	/login.php
[GET 参数]	Array
(
)

[POST 参数]	Array
(
)

---------------------------------------------

[2022-12-23 14:31:47.062886]	/login.php?action=login
[GET 参数]	Array
(
    [action] => login
)

[POST 参数]	Array
(
    [account] => 2311415873@qq.com
    [password] => rootroot123
)

---------------------------------------------

[2022-12-23 14:31:48.886871]	/index.php
[GET 参数]	Array
(
)

[POST 参数]	Array
(
)

---------------------------------------------

