[2022-12-23 11:54:45.700048]	/login.php?action=login
[GET 参数]	Array
(
    [action] => login
)

[POST 参数]	Array
(
    [account] => 2311415873@qq.com
    [password] => rootroot123
)

---------------------------------------------

[2022-12-23 11:54:47.247453]	/login.php
[GET 参数]	Array
(
)

[POST 参数]	Array
(
)

---------------------------------------------

[2022-12-23 11:54:48.157587]	/login.php?action=login
[GET 参数]	Array
(
    [action] => login
)

[POST 参数]	Array
(
    [account] => 2311415873@qq.com
    [password] => rootroot123
)

---------------------------------------------

