[2022-12-23 17:56:09.073233]	/index.php
[GET 参数]	Array
(
)

[POST 参数]	Array
(
)

---------------------------------------------

[2022-12-23 17:56:14.124272]	/search.php
[GET 参数]	Array
(
)

[POST 参数]	Array
(
)

---------------------------------------------

[2022-12-23 17:56:16.273190]	/
[GET 参数]	Array
(
)

[POST 参数]	Array
(
)

---------------------------------------------

[2022-12-23 17:56:30.139951]	/
[GET 参数]	Array
(
)

[POST 参数]	Array
(
)

---------------------------------------------

[2022-12-23 17:56:30.785239]	/
[GET 参数]	Array
(
)

[POST 参数]	Array
(
)

---------------------------------------------

