[2022-12-23 14:32:45.976079]	/search.php
[GET 参数]	Array
(
)

[POST 参数]	Array
(
)

---------------------------------------------

[2022-12-23 14:32:47.350014]	/
[GET 参数]	Array
(
)

[POST 参数]	Array
(
)

---------------------------------------------

[2022-12-23 14:32:58.909789]	/edit.php?cid=10055
[GET 参数]	Array
(
    [cid] => 10055
)

[POST 参数]	Array
(
)

---------------------------------------------

[2022-12-23 14:32:59.974249]	/index.php
[GET 参数]	Array
(
)

[POST 参数]	Array
(
)

---------------------------------------------

