[2022-12-23 18:42:13.155513]	/index.php
[GET 参数]	Array
(
)

[POST 参数]	Array
(
)

---------------------------------------------

[2022-12-23 18:42:14.230490]	/reg.php
[GET 参数]	Array
(
)

[POST 参数]	Array
(
)

---------------------------------------------

[2022-12-23 18:42:22.645504]	/index.php
[GET 参数]	Array
(
)

[POST 参数]	Array
(
)

---------------------------------------------

[2022-12-23 18:42:23.716009]	/search.php
[GET 参数]	Array
(
)

[POST 参数]	Array
(
)

---------------------------------------------

[2022-12-23 18:42:24.412917]	/login.php
[GET 参数]	Array
(
)

[POST 参数]	Array
(
)

---------------------------------------------

[2022-12-23 18:42:26.243896]	/login.php?action=login
[GET 参数]	Array
(
    [action] => login
)

[POST 参数]	Array
(
    [account] => 2311415873@qq.com
    [password] => rootroot123
)

---------------------------------------------

[2022-12-23 18:42:28.064030]	/index.php
[GET 参数]	Array
(
)

[POST 参数]	Array
(
)

---------------------------------------------

[2022-12-23 18:42:34.261186]	/index.php
[GET 参数]	Array
(
)

[POST 参数]	Array
(
)

---------------------------------------------

[2022-12-23 18:42:34.933644]	/search.php
[GET 参数]	Array
(
)

[POST 参数]	Array
(
)

---------------------------------------------

[2022-12-23 18:42:36.676068]	/search.php
[GET 参数]	Array
(
)

[POST 参数]	Array
(
    [content] => 123
    [submitBtn] => 
)

---------------------------------------------

[2022-12-23 18:42:50.981707]	/edit.php?cid=10073
[GET 参数]	Array
(
    [cid] => 10073
)

[POST 参数]	Array
(
)

---------------------------------------------

[2022-12-23 18:42:54.132423]	/edit.php?cid=10073&do=update
[GET 参数]	Array
(
    [cid] => 10073
    [do] => update
)

[POST 参数]	Array
(
    [content] => 111111111111
    [submitBtn] => 
)

---------------------------------------------

[2022-12-23 18:42:55.151501]	/index.php
[GET 参数]	Array
(
)

[POST 参数]	Array
(
)

---------------------------------------------

