[2023-06-14 20:47:10.717784]	/api.php?do=submit
[GET 参数]	Array
(
    [do] => submit
)

[POST 参数]	Array
(
    [content] => 123123
)

---------------------------------------------

[2023-06-14 20:47:14.918370]	/api.php?do=submit
[GET 参数]	Array
(
    [do] => submit
)

[POST 参数]	Array
(
    [content] => 11111111111
)

---------------------------------------------

[2023-06-14 20:47:38.173360]	/api.php?do=submit
[GET 参数]	Array
(
    [do] => submit
)

[POST 参数]	Array
(
    [content] => 1111111
)

---------------------------------------------

