[2023-06-05 19:22:03.858198]	/login.php?action=login
[GET 参数]	Array
(
    [action] => login
)

[POST 参数]	Array
(
    [account] => rootroot1@qq.com
    [password] => rootroot1aa
)

---------------------------------------------

[2023-06-05 19:22:05.495324]	/login.php?action=login
[GET 参数]	Array
(
    [action] => login
)

[POST 参数]	Array
(
    [account] => rootroot1@qq.com
    [password] => rootroot1aa
)

---------------------------------------------

[2023-06-05 19:22:05.934032]	/login.php?action=login
[GET 参数]	Array
(
    [action] => login
)

[POST 参数]	Array
(
    [account] => rootroot1@qq.com
    [password] => rootroot1aa
)

---------------------------------------------

[2023-06-05 19:22:06.093543]	/login.php?action=login
[GET 参数]	Array
(
    [action] => login
)

[POST 参数]	Array
(
    [account] => rootroot1@qq.com
    [password] => rootroot1aa
)

---------------------------------------------

[2023-06-05 19:22:06.279597]	/login.php?action=login
[GET 参数]	Array
(
    [action] => login
)

[POST 参数]	Array
(
    [account] => rootroot1@qq.com
    [password] => rootroot1aa
)

---------------------------------------------

[2023-06-05 19:22:06.497781]	/login.php?action=login
[GET 参数]	Array
(
    [action] => login
)

[POST 参数]	Array
(
    [account] => rootroot1@qq.com
    [password] => rootroot1aa
)

---------------------------------------------

[2023-06-05 19:22:06.703856]	/login.php?action=login
[GET 参数]	Array
(
    [action] => login
)

[POST 参数]	Array
(
    [account] => rootroot1@qq.com
    [password] => rootroot1aa
)

---------------------------------------------

[2023-06-05 19:22:06.894240]	/login.php?action=login
[GET 参数]	Array
(
    [action] => login
)

[POST 参数]	Array
(
    [account] => rootroot1@qq.com
    [password] => rootroot1aa
)

---------------------------------------------

[2023-06-05 19:22:07.129861]	/login.php?action=login
[GET 参数]	Array
(
    [action] => login
)

[POST 参数]	Array
(
    [account] => rootroot1@qq.com
    [password] => rootroot1aa
)

---------------------------------------------

[2023-06-05 19:22:07.306719]	/login.php?action=login
[GET 参数]	Array
(
    [action] => login
)

[POST 参数]	Array
(
    [account] => rootroot1@qq.com
    [password] => rootroot1aa
)

---------------------------------------------

[2023-06-05 19:22:07.512017]	/login.php?action=login
[GET 参数]	Array
(
    [action] => login
)

[POST 参数]	Array
(
    [account] => rootroot1@qq.com
    [password] => rootroot1aa
)

---------------------------------------------

[2023-06-05 19:22:07.794401]	/login.php?action=login
[GET 参数]	Array
(
    [action] => login
)

[POST 参数]	Array
(
    [account] => rootroot1@qq.com
    [password] => rootroot1aa
)

---------------------------------------------

[2023-06-05 19:22:08.138067]	/login.php?action=login
[GET 参数]	Array
(
    [action] => login
)

[POST 参数]	Array
(
    [account] => rootroot1@qq.com
    [password] => rootroot1aa
)

---------------------------------------------

[2023-06-05 19:22:08.347212]	/login.php?action=login
[GET 参数]	Array
(
    [action] => login
)

[POST 参数]	Array
(
    [account] => rootroot1@qq.com
    [password] => rootroot1aa
)

---------------------------------------------

[2023-06-05 19:22:08.522041]	/login.php?action=login
[GET 参数]	Array
(
    [action] => login
)

[POST 参数]	Array
(
    [account] => rootroot1@qq.com
    [password] => rootroot1aa
)

---------------------------------------------

[2023-06-05 19:22:08.725619]	/login.php?action=login
[GET 参数]	Array
(
    [action] => login
)

[POST 参数]	Array
(
    [account] => rootroot1@qq.com
    [password] => rootroot1aa
)

---------------------------------------------

[2023-06-05 19:22:12.310322]	/login.php?action=login
[GET 参数]	Array
(
    [action] => login
)

[POST 参数]	Array
(
    [account] => rootroot1@qq.com
    [password] => rootroot1aaa
)

---------------------------------------------

[2023-06-05 19:22:12.980865]	/login.php?action=login
[GET 参数]	Array
(
    [action] => login
)

[POST 参数]	Array
(
    [account] => rootroot1@qq.com
    [password] => rootroot1aaa
)

---------------------------------------------

[2023-06-05 19:22:24.130937]	/login.php?action=login
[GET 参数]	Array
(
    [action] => login
)

[POST 参数]	Array
(
    [account] => rootroot1@qq.com
    [password] => rootroot1aaa
)

---------------------------------------------

[2023-06-05 19:22:24.643012]	/login.php?action=login
[GET 参数]	Array
(
    [action] => login
)

[POST 参数]	Array
(
    [account] => rootroot1@qq.com
    [password] => rootroot1aaa
)

---------------------------------------------

[2023-06-05 19:22:24.910418]	/login.php?action=login
[GET 参数]	Array
(
    [action] => login
)

[POST 参数]	Array
(
    [account] => rootroot1@qq.com
    [password] => rootroot1aaa
)

---------------------------------------------

[2023-06-05 19:22:25.084873]	/login.php?action=login
[GET 参数]	Array
(
    [action] => login
)

[POST 参数]	Array
(
    [account] => rootroot1@qq.com
    [password] => rootroot1aaa
)

---------------------------------------------

[2023-06-05 19:22:25.256853]	/login.php?action=login
[GET 参数]	Array
(
    [action] => login
)

[POST 参数]	Array
(
    [account] => rootroot1@qq.com
    [password] => rootroot1aaa
)

---------------------------------------------

[2023-06-05 19:22:25.446860]	/login.php?action=login
[GET 参数]	Array
(
    [action] => login
)

[POST 参数]	Array
(
    [account] => rootroot1@qq.com
    [password] => rootroot1aaa
)

---------------------------------------------

