[2023-06-10 17:12:02.569029]	/api.php?do=deleteFollow
[GET 参数]	Array
(
    [do] => deleteFollow
)

[POST 参数]	Array
(
)

---------------------------------------------

[2023-06-10 17:12:07.442762]	/api.php?do=deleteFollow
[GET 参数]	Array
(
    [do] => deleteFollow
)

[POST 参数]	Array
(
)

---------------------------------------------

[2023-06-10 17:12:30.628301]	/api.php?do=deleteFollow
[GET 参数]	Array
(
    [do] => deleteFollow
)

[POST 参数]	Array
(
)

---------------------------------------------

