[2023-06-09 11:24:43.513717]	/api.php?do=submit
[GET 参数]	Array
(
    [do] => submit
)

[POST 参数]	Array
(
    [content] => 1111111111111
)

---------------------------------------------

[2023-06-09 11:24:46.258746]	/api.php?do=submit
[GET 参数]	Array
(
    [do] => submit
)

[POST 参数]	Array
(
    [content] => 1111111111111
)

---------------------------------------------

[2023-06-09 11:24:46.508131]	/api.php?do=submit
[GET 参数]	Array
(
    [do] => submit
)

[POST 参数]	Array
(
    [content] => 1111111111111
)

---------------------------------------------

[2023-06-09 11:24:46.710207]	/api.php?do=submit
[GET 参数]	Array
(
    [do] => submit
)

[POST 参数]	Array
(
    [content] => 1111111111111
)

---------------------------------------------

[2023-06-09 11:24:46.867438]	/api.php?do=submit
[GET 参数]	Array
(
    [do] => submit
)

[POST 参数]	Array
(
    [content] => 1111111111111
)

---------------------------------------------

[2023-06-09 11:24:47.037687]	/api.php?do=submit
[GET 参数]	Array
(
    [do] => submit
)

[POST 参数]	Array
(
    [content] => 1111111111111
)

---------------------------------------------

[2023-06-09 11:24:47.175489]	/api.php?do=submit
[GET 参数]	Array
(
    [do] => submit
)

[POST 参数]	Array
(
    [content] => 1111111111111
)

---------------------------------------------

[2023-06-09 11:24:50.699292]	/api.php?do=submit
[GET 参数]	Array
(
    [do] => submit
)

[POST 参数]	Array
(
    [content] => 1111111111
)

---------------------------------------------

